-677
-679
-684
-684
-690
-684
-689
-693
-691

-9

-696
-9

-693
-692

-692
-697
-695
-693
-682

-696
-682

-696
-697
-699
-698
-698
-697
-699
-699
-62

-697
-700
-701
Log fail 1627802
Reset done

-701
-704
0- A: -32768
1- B: -32768
2- C: 3306
3- D: 0
4- E: 3000
5- F: -701
6- G: 1
7- H: -1
8- I: -32768
9- J: 0
10- K: 0
11- L: 0
12- M: 0
13- N: 0
14- O: 0
15- P: 0
16- Q: -1
17- R: -1
18- S: -1
19- T: -1
20- U: -1
21- V: -1
22- W: 2
23- X: 0
24- Y: 176
25- Z: 63
26-AA: 60
27-AB: 30
28-AC: 5
29-AD: 0
30-AE: 0
31-AF: -1
32-AG: -1
33-AH: -1
34-AI: -1
35-AJ: -1
36-AK: -1
37-AL: -1
38-AM: -1
39-AN: -1
40-AO: -1
41-AP: -1
42-AQ: -1
43-AR: -1
44-AS: -1
45-AT: -1
46-AU: -1
47-AV: -1
48-AW: -1
49-AX: -1
50-AY: -1
51-AZ: 16383
52-BA: 0
53-BB: 0
54-BC: 0
55-BD: 0
56-BE: 0
57-BF: 0
58-BG: 0
59-BH: 0
60-BI: 0
61-BJ: 0
62-BK: 0
63-BL: 0
64-BM: 0
65-BN: 0
66-BO: 0
67-BP: 0

-701
-698
-706
-713
-715
-718
-721
3500

-726
-730
-733
-729
90

-731
-734
200

-734
5

-729
-726
-731
0

-731
-731
-739
-735
-734
-734
-735
-734
-731
-726
-2410
-2417
-2415
-2413
-2314
-1620
8

-1615
-1612
-1609
8

-1608
-1611
-1611
-1609
-1607
-1602
-1602
4

-1602
-1598
-1598
-1598
-1599
-1610
4

-1603
-1603
-1606
4

-1602
-1608
8

-1609
4

-1605
4

-1606
-1605
-1604
-1610
-1608

-1614
-1610
4

-1609
-1615
-1616
-1610

-1613
-1611

-1615
-1615
-1616
-1616

-1616
Weight help
(we) Empty (tare)
(wk) Empty + 1kg
(wh) Filled level
(wt) Test

-1613
-1617
-1612

128

-1614
-1615
-1620
-1613
-1637
-1622
-1624

3125

-1623
2937

-1625
3500

-1624
-1628
128

-1624
-1748
-1655
128

-1658
-1659
-1653
-1658
-1654
-1657
-1660
-1651
-1652

-1655
-1662

-1655
-1657
128

-1655
-1657
-1655
Reset done

-1641
-1658
-1664
16383

-1663
4

-1667
-1671
-1671
4

-1672
4

-1676
-1683
-1688
-1690
-1693
-1693
-1697
-1701
-1705
-1708
-1712
-1713
-1713
-1715
-1717
-1723
-1724
-1723
-1728
-1733

-1731
128

128

-1734
-1748
-1746
-1750
-1750
-1756
-1755
-1754
-1755
-1754
-1757
-1757
-1758
-1757
-1754
-1755
-1753
-1753
-1756
-1758
-1758
-1758
-1755
-1755
-1755
-1758
-1760
-1759
-1757
-1762
-1757
-1761
-1763
-1762
-1765
-1770
-1765
-1768
-1765
-1765
-1765
-1769
-1770
-1770
-1772
-1769
-1767
-1769
-1760
-1721
-1708
-1709
-1703
-1704
-1706
-1709
-1718
-1729
-1752
-1761
-1769
-1768
-1773
-1777

0

-1774
-1775
Weight help
(we) Empty (tare)
(wk) Empty + 1kg
(wh) Filled level
(wt) Test

-1780
-1782

-1780
-1786
-1784
-1784
-1789
-1794
-2538
-807

-802
-804
-1044
80

78
84
86

89
87
-927
-925
-921
-1629
-1657
-823
-823
0- A: 3050
1- B: 2868
2- C: 2981
3- D: 0
4- E: 3000
5- F: -824
6- G: 982
7- H: -1
8- I: 86
9- J: 0
10- K: 0
11- L: 0
12- M: 0
13- N: 0
14- O: 0
15- P: 0
16- Q: -1
17- R: -1
18- S: -1
19- T: -1
20- U: -1
21- V: -1
22- W: 6
23- X: 0
24- Y: 0
25- Z: 63
26-AA: 60
27-AB: 30
28-AC: 5
29-AD: 975
30-AE: -1782
31-AF: -1
32-AG: -1
33-AH: -1
34-AI: -1
35-AJ: -1
36-AK: -1
37-AL: -1
38-AM: -1
39-AN: -1
40-AO: -1
41-AP: -1
42-AQ: -1
43-AR: -1
44-AS: -1
45-AT: -1
46-AU: -1
47-AV: -1
48-AW: -1
49-AX: -1
50-AY: -1
51-AZ: 0
52-BA: 0
53-BB: 0
54-BC: 0
55-BD: 0
56-BE: 0
57-BF: 0
58-BG: 0
59-BH: 0
60-BI: 0
61-BJ: 0
62-BK: 0
63-BL: 0
64-BM: 0
65-BN: 0
66-BO: 0
67-BP: 0

-824
-822
-821
-829
-827
-828
-832
-831
16388
8292

-830
-828
-829
-829
-831
-829
16384
16387
4120
16384

-825
0- A: 3050
1- B: 2868
2- C: 2968
3- D: 0
4- E: 3000
5- F: -826
6- G: 980
7- H: -1
8- I: 86
9- J: 0
10- K: 0
11- L: 0
12- M: 0
13- N: 0
14- O: 0
15- P: 0
16- Q: -1
17- R: -1
18- S: -1
19- T: -1
20- U: -1
21- V: -1
22- W: 1
23- X: 0
24- Y: 0
25- Z: 63
26-AA: 60
27-AB: 30
28-AC: 5
29-AD: 975
30-AE: -1782
31-AF: -1
32-AG: -1
33-AH: -1
34-AI: -1
35-AJ: -1
36-AK: -1
37-AL: -1
38-AM: -1
39-AN: -1
40-AO: -1
41-AP: -1
42-AQ: -1
43-AR: -1
44-AS: -1
45-AT: -1
46-AU: -1
47-AV: -1
48-AW: -1
49-AX: -1
50-AY: -1
51-AZ: 4
52-BA: 16388
53-BB: 8292
54-BC: 16384
55-BD: 16387
56-BE: 4120
57-BF: 16384
58-BG: 0
59-BH: 0
60-BI: 0
61-BJ: 0
62-BK: 0
63-BL: 0
64-BM: 0
65-BN: 0
66-BO: 0
67-BP: 0

-826
-822
-824
-824
-823
-824
2078
16392
6174

0- A: 3050
1- B: 2868
2- C: 2968
3- D: 0
4- E: 3000
5- F: -824
6- G: 982
7- H: -1
8- I: 86
9- J: 0
10- K: 0
11- L: 0
12- M: 0
13- N: 0
14- O: 0
15- P: 0
16- Q: -1
17- R: -1
18- S: -1
19- T: -1
20- U: -1
21- V: -1
22- W: 1
23- X: 0
24- Y: 0
25- Z: 63
26-AA: 60
27-AB: 30
28-AC: 5
29-AD: 975
30-AE: -1782
31-AF: -1
32-AG: -1
33-AH: -1
34-AI: -1
35-AJ: -1
36-AK: -1
37-AL: -1
38-AM: -1
39-AN: -1
40-AO: -1
41-AP: -1
42-AQ: -1
43-AR: -1
44-AS: -1
45-AT: -1
46-AU: -1
47-AV: -1
48-AW: -1
49-AX: -1
50-AY: -1
51-AZ: 4
52-BA: 16388
53-BB: 8292
54-BC: 16384
55-BD: 16387
56-BE: 4120
57-BF: 16384
58-BG: 2078
59-BH: 16392
60-BI: 6174
61-BJ: 0
62-BK: 0
63-BL: 0
64-BM: 0
65-BN: 0
66-BO: 0
67-BP: 0

-824
1

-822
-820
-820
-825
-820
-824
-825
-823
-825
-824
-822
-817
-816
5

-818
-816
-815
-814
7

-815
-822
-818
-825
-827
-822
-829
-830
-829
-832
-832
-832
-832
-833
-826
-825
-821
-820
-817
-817
-813
-814
-815
-814
-818
-816
-815
-817
-819
-819
-815
-816
-817
-812
-812
-809
-811
86

-811
-810
-1782

-807
-808
-813
-811
-811
-811
-809
-807
-807
-804
-805
-803
-804
-806
-805
-802
-801
-801
-805
-805
-799
-806
-805
-805
-802
-801
-801
-803
-800
-816
-794
-794
1

-798
-799
-798
7

-799
8

-801
9

-806
-805
-807
-815
-813
-812
-817
16

-821
-820
-819
-818
-818
-818
0

-813
8

-812
-815
-819
-823
-824
-871
-871
-870
-875
-877
-881
-879
-879
-887
-883
-895
-908
-905
-895
-898
-909
-916
-921
-921
-921
-927
-921
-928
-933
-937
-941
-942
-946
-947
-947
-952
-954
