0- A: 2300
1- B: 2225
2- C: 2381
3- D: 100
4- E: 3000
5- F: -941
6- G: 1568
7- H: -1
8- I: -2435
9- J: 0
10- K: 0
11- L: 0
12- M: 0
13- N: 0
14- O: 0
15- P: 0
16- Q: -1
17- R: -1
18- S: -1
19- T: -1
20- U: -1
21- V: -1
22- W: 2
23- X: 1429
24- Y: 128
25- Z: 63
26-AA: 60
27-AB: 30
28-AC: 5
29-AD: 1511
30-AE: -3311
31-AF: -1
32-AG: -1
33-AH: -1
34-AI: -1
35-AJ: -1
36-AK: -1
37-AL: -1
38-AM: -1
39-AN: -1
40-AO: -1
41-AP: -1
42-AQ: -1
43-AR: -1
44-AS: -1
45-AT: -1
46-AU: -1
47-AV: -1
48-AW: -1
49-AX: -1
50-AY: -1
51-AZ: 0
52-BA: 16387
53-BB: 4120
54-BC: 8292
55-BD: 2078
56-BE: 16388
57-BF: 6174
58-BG: 16395
59-BH: 8292
60-BI: 0
61-BJ: 0
62-BK: 0
63-BL: 0
64-BM: 0
65-BN: 0
66-BO: 0
67-BP: 0

-2435
-2435
-2435
-2435
-2435
-2435
-2435
-2435
-2435
-2435
-2435
-2435
-2435
-2435
-2435
-2435
-2435
-2435
-2435
-2435
-2435
-2435
-2435
-2435
-2435
-2435
-2435
-2435
-2435
-2435
-2435
-2435
-2435
-2435
-2435
-2435
-2435
-2435
-2435
-2435
-2435
-2435
-2435
-2435
-2435
-2435
-2435
-2435
-2435
-2435
Current weight
-982 = 1541g
-983 = 1540g
-981 = 1542g
-981 = 1542g
-980 = 1542g
-982 = 1541g
-982 = 1541g
-980 = 1542g
-982 = 1541g
-983 = 1540g

-2435
Current weight
-981 = 1542g
-982 = 1541g
-982 = 1541g
-983 = 1540g
-984 = 1540g
-982 = 1541g
-984 = 1540g
-985 = 1539g
-982 = 1541g
-983 = 1540g

-2435
-2435
Current weight
-875 = 1612g
-866 = 1618g
-872 = 1614g
-874 = 1612g
-849 = 1629g
-827 = 1643g
-830 = 1641g
-2435
-833 = 1639g
-827 = 1643g
-836 = 1637g

-2435
-2435
Current weight
-849 = 1629g
-870 = 1615g
-825 = 1645g
-814 = 1652g
-849 = 1629g
-860 = 1622g
-854 = 1626g
-848 = 1630g
-848 = 1630g
-862 = 1620g

-2435
-2435
Current weight
-768 = 1682g
-807 = 1657g
-2435
-806 = 1657g
-822 = 1647g
-837 = 1637g
-858 = 1623g
-816 = 1651g
-814 = 1652g
-836 = 1637g
-821 = 1647g

-2435
-2435
Current weight
-1021 = 1515g
-1020 = 1516g
-1019 = 1516g
-1021 = 1515g
-1017 = 1518g
-1018 = 1517g
-2435
-1016 = 1518g
-1015 = 1519g
-1019 = 1516g
-1018 = 1517g

-2435
-2435
-2435
-2435
-2435
Current weight
-1016 = 1518g
-1017 = 1518g
-1016 = 1518g
-1018 = 1517g
-1017 = 1518g
-1017 = 1518g
-1018 = 1517g
-2435
-1017 = 1518g
-1019 = 1516g
-1018 = 1517g

-2435
-2435
-2435
-2435
Current weight
-1255 = 1360g
-1254 = 1361g
-1256 = 1360g
-1255 = 1360g
-1255 = 1360g
-1254 = 1361g
-1255 = 1360g
-1255 = 1360g
-1253 = 1362g
-1256 = 1360g

-2435
-2435
-2435
-2435
-2435
-2435
Current weight
-1019 = 1516g
-1021 = 1515g
-1020 = 1516g
-1021 = 1515g
-1021 = 1515g
-1021 = 1515g
-1019 = 1516g
-1021 = 1515g
-1019 = 1516g
-1020 = 1516g

-2435
-2435
-2435
-2435
-2435
-2435
-2435
-2435
-2435
-2435
-2435
-2435
-2435
-2435
-2435
2

-2435
2

2

-2435
-2435
-2435
-2435
-2435
-2435
-2435
-2435
-2435
-2435
-2435
-2435
-2435
-2435
-2435
-2435
-2435
-2435
-2435
-2435
-2435
-2435
-2435
-2435
-2435
-2435
-2435
-2435
-2435
-2435
-2435
-2435
-2435
-2435
-2435
-2435
-2435
-2435
-2435
-2435
-2435
-2435
-2435
-2435
-2435
-2435
-2435
-2435
-2435
-2435
-2435
-2435
-2435
-2435
-2435
-2435
-2435
-2435
-2435
-2435
-2435
-2435
-2435
-2435
-2435
-2435
-2435
-2435
-2435
-2435
-2435
-2435
-2435
-2435
-2435
-2435
-2435
-2435
-2435
-2435
-2435
-2435
-2435
-2435
-2435
-2435
-2435
-2435
-2435
-2435
-2435
-2435
-2435
-2435
-2435
-2435
-2435
-2435
-2435
-2435
-2435
-2435
-2435
-2435
-2435
-2435
-2435
-2435
-2435
-2435
-2435
-2435
-2435
-2435
-2435
-2435
-2435
-2435
-2435
-2435
-2435
-2435
-2435
-2435
-2435
-2435
-2435
-2435
-2435
-2435
-2435
-2435
-2435
-2435
-2435
-2435
-2435
-2435
-2435
-2435
-2435
-2435
-2435
-2435
-2435
-2435
-2435
-2435
-2435
-2435
-2435
-2435
-2435
-2435
-2435
-2435
-2435
-2435
-2435
-2435
-2435
-2435
-2435
-2435
-2435
-2435
-2435
-2435
-2435
-2435
-2435
-2435
-2435
-2435
-2435
-2435
-2435
-2435
-2435
-2435
-2435
-2435
-2435
-2435
-2435
-2435
-2435
-2435
-2435
-2435
-2435
-2435
-2435
-2435
-2435
-2435
-2435
-2435
-2435
-2435
-2435
-2435
-2435
-2435
-2435
-2435
-2435
-2435
-2435
-2435
-2435
-2435
-2435
-2435
-2435
-2435
-2435
