(h)elp
(s)ettings
(u)tilities
(l)og
(o)ne-wire
(p)aram
s(t)atus
(w)eight

0- A: 2287
1- B: 2250
2- C: 2937
3- D: 100
4- E: 3500
5- F: 2667
6- G: -6
7- H: 32767
8- I: -6870
9- J: -1
10- K: -1
11- L: -1
12- M: -1
13- N: -1
14- O: -1
15- P: -1
16- Q: -1
17- R: -1
18- S: -1
19- T: -1
20- U: -1
21- V: -1
22- W: 2
23- X: 0
24- Y: 0
25- Z: 63
26-AA: 60
27-AB: 30
28-AC: 5
29-AD: -1830
30-AE: 2656
31-AF: -1
32-AG: -1
33-AH: -1
34-AI: -1
35-AJ: -1
36-AK: -1
37-AL: -1
38-AM: -1
39-AN: -1
40-AO: -1
41-AP: -1
42-AQ: -1
43-AR: -1
44-AS: -1
45-AT: -1
46-AU: -1
47-AV: -1
48-AW: -1
49-AX: -1
50-AY: -1
51-AZ: 0
52-BA: 0
53-BB: 0
54-BC: 0
55-BD: 0
56-BE: 0
57-BF: 0
58-BG: 0
59-BH: 0
60-BI: 0
61-BJ: 0
62-BK: 0
63-BL: 0
64-BM: 0
65-BN: 0
66-BO: 0
67-BP: 0

0- A: 2287
1- B: 2293
2- C: 2950
3- D: 100
4- E: 3500
5- F: 2464
6- G: 104
7- H: 32767
8- I: -6870
9- J: -1
10- K: -1
11- L: -1
12- M: -1
13- N: -1
14- O: -1
15- P: -1
16- Q: -1
17- R: -1
18- S: -1
19- T: -1
20- U: -1
21- V: -1
22- W: 9
23- X: 0
24- Y: 0
25- Z: 63
26-AA: 60
27-AB: 30
28-AC: 5
29-AD: -1830
30-AE: 2656
31-AF: -1
32-AG: -1
33-AH: -1
34-AI: -1
35-AJ: -1
36-AK: -1
37-AL: -1
38-AM: -1
39-AN: -1
40-AO: -1
41-AP: -1
42-AQ: -1
43-AR: -1
44-AS: -1
45-AT: -1
46-AU: -1
47-AV: -1
48-AW: -1
49-AX: -1
50-AY: -1
51-AZ: 0
52-BA: 0
53-BB: 0
54-BC: 0
55-BD: 0
56-BE: 0
57-BF: 0
58-BG: 0
59-BH: 0
60-BI: 0
61-BJ: 0
62-BK: 0
63-BL: 0
64-BM: 0
65-BN: 0
66-BO: 0
67-BP: 0

2

60

100

5

30


0- A: 2343
1- B: 2356
2- C: 2950
3- D: 100
4- E: 3500
5- F: 3071
6- G: -226
7- H: 32767
8- I: -6870
9- J: -1
10- K: -1
11- L: -1
12- M: -1
13- N: -1
14- O: -1
15- P: -1
16- Q: -1
17- R: -1
18- S: -1
19- T: -1
20- U: -1
21- V: -1
22- W: 14
23- X: 0
24- Y: 0
25- Z: 63
26-AA: 100
27-AB: 30
28-AC: 5
29-AD: -1830
30-AE: 2656
31-AF: -1
32-AG: -1
33-AH: -1
34-AI: -1
35-AJ: -1
36-AK: -1
37-AL: -1
38-AM: -1
39-AN: -1
40-AO: -1
41-AP: -1
42-AQ: -1
43-AR: -1
44-AS: -1
45-AT: -1
46-AU: -1
47-AV: -1
48-AW: -1
49-AX: -1
50-AY: -1
51-AZ: 2
52-BA: 0
53-BB: 0
54-BC: 0
55-BD: 0
56-BE: 0
57-BF: 0
58-BG: 0
59-BH: 0
60-BI: 0
61-BJ: 0
62-BK: 0
63-BL: 0
64-BM: 0
65-BN: 0
66-BO: 0
67-BP: 0

0- A: 2343
1- B: 2350
2- C: 2950
3- D: 100
4- E: 3500
5- F: 3067
6- G: -224
7- H: 32767
8- I: -6870
9- J: -1
10- K: -1
11- L: -1
12- M: -1
13- N: -1
14- O: -1
15- P: -1
16- Q: -1
17- R: -1
18- S: -1
19- T: -1
20- U: -1
21- V: -1
22- W: 3
23- X: 0
24- Y: 0
25- Z: 63
26-AA: 100
27-AB: 30
28-AC: 5
29-AD: -1830
30-AE: 2656
31-AF: -1
32-AG: -1
33-AH: -1
34-AI: -1
35-AJ: -1
36-AK: -1
37-AL: -1
38-AM: -1
39-AN: -1
40-AO: -1
41-AP: -1
42-AQ: -1
43-AR: -1
44-AS: -1
45-AT: -1
46-AU: -1
47-AV: -1
48-AW: -1
49-AX: -1
50-AY: -1
51-AZ: 2
52-BA: 0
53-BB: 0
54-BC: 0
55-BD: 0
56-BE: 0
57-BF: 0
58-BG: 0
59-BH: 0
60-BI: 0
61-BJ: 0
62-BK: 0
63-BL: 0
64-BM: 0
65-BN: 0
66-BO: 0
67-BP: 0

0

0

4

8

0

2329

1726

Weight help
(we) Empty (tare)
(wk) Empty + 1kg
(wh) Filled level
(wt) Test

1229

1108

988

987

970

1427

1427

1542

1714

1423

1424

1593

1475

1662

Current weight
2329 = 0g
2325 = 4g
2336 = -7g
2329 = 0g
2333 = -4g
2326 = 3g
2329 = 0g
2329 = 0g
2331 = -2g
2330 = -1g

Current weight
2330 = -1g
2329 = 0g
2334 = -5g
2330 = -1g
2331 = -2g
2331 = -2g
2333 = -4g
2329 = 0g
2325 = 4g
2331 = -2g

100

30

200

5

3500

13


-20451

16388
0
0
0

16388
8292
16387
4120

0- A: 2256
1- B: 2268
2- C: 2962
3- D: 100
4- E: 3500
5- F: 2401
6- G: -79
7- H: 32767
8- I: 1662
9- J: -1
10- K: -1
11- L: -1
12- M: -1
13- N: -1
14- O: -1
15- P: -1
16- Q: -1
17- R: -1
18- S: -1
19- T: -1
20- U: -1
21- V: -1
22- W: 6
23- X: 0
24- Y: 0
25- Z: 63
26-AA: 100
27-AB: 200
28-AC: 5
29-AD: -905
30-AE: 2329
31-AF: -1
32-AG: -1
33-AH: -1
34-AI: -1
35-AJ: -1
36-AK: -1
37-AL: -1
38-AM: -1
39-AN: -1
40-AO: -1
41-AP: -1
42-AQ: -1
43-AR: -1
44-AS: -1
45-AT: -1
46-AU: -1
47-AV: -1
48-AW: -1
49-AX: -1
50-AY: -1
51-AZ: 4
52-BA: 16388
53-BB: 8292
54-BC: 16387
55-BD: 4120
56-BE: 0
57-BF: 0
58-BG: 0
59-BH: 0
60-BI: 0
61-BJ: 0
62-BK: 0
63-BL: 0
64-BM: 0
65-BN: 0
66-BO: 0
67-BP: 0

2078
13

16392
6174

0- A: 2256
1- B: 2262
2- C: 2956
3- D: 100
4- E: 3500
5- F: 2434
6- G: -116
7- H: 32767
8- I: 1662
9- J: -1
10- K: -1
11- L: -1
12- M: -1
13- N: -1
14- O: -1
15- P: -1
16- Q: -1
17- R: -1
18- S: -1
19- T: -1
20- U: -1
21- V: -1
22- W: 1
23- X: 0
24- Y: 0
25- Z: 63
26-AA: 100
27-AB: 200
28-AC: 5
29-AD: -905
30-AE: 2329
31-AF: -1
32-AG: -1
33-AH: -1
34-AI: -1
35-AJ: -1
36-AK: -1
37-AL: -1
38-AM: -1
39-AN: -1
40-AO: -1
41-AP: -1
42-AQ: -1
43-AR: -1
44-AS: -1
45-AT: -1
46-AU: -1
47-AV: -1
48-AW: -1
49-AX: -1
50-AY: -1
51-AZ: 4
52-BA: 16388
53-BB: 8292
54-BC: 16387
55-BD: 4120
56-BE: 2078
57-BF: 16392
58-BG: 6174
59-BH: 0
60-BI: 0
61-BJ: 0
62-BK: 0
63-BL: 0
64-BM: 0
65-BN: 0
66-BO: 0
67-BP: 0

0- A: 2256
1- B: 2262
2- C: 2975
3- D: 100
4- E: 3500
5- F: 2426
6- G: -107
7- H: 32767
8- I: 1662
9- J: -1
10- K: -1
11- L: -1
12- M: -1
13- N: -1
14- O: -1
15- P: -1
16- Q: -1
17- R: -1
18- S: -1
19- T: -1
20- U: -1
21- V: -1
22- W: 3
23- X: 1439
24- Y: 0
25- Z: 63
26-AA: 100
27-AB: 200
28-AC: 5
29-AD: -905
30-AE: 2329
31-AF: -1
32-AG: -1
33-AH: -1
34-AI: -1
35-AJ: -1
36-AK: -1
37-AL: -1
38-AM: -1
39-AN: -1
40-AO: -1
41-AP: -1
42-AQ: -1
43-AR: -1
44-AS: -1
45-AT: -1
46-AU: -1
47-AV: -1
48-AW: -1
49-AX: -1
50-AY: -1
51-AZ: 3
52-BA: 16388
53-BB: 8292
54-BC: 16387
55-BD: 4120
56-BE: 2078
57-BF: 16392
58-BG: 6174
59-BH: 0
60-BI: 0
61-BJ: 0
62-BK: 0
63-BL: 0
64-BM: 0
65-BN: 0
66-BO: 0
67-BP: 0

0

0- A: 2262
1- B: 2268
2- C: 3450
3- D: 100
4- E: 3500
5- F: 2410
6- G: -89
7- H: 32767
8- I: 1662
9- J: -1
10- K: -1
11- L: -1
12- M: -1
13- N: -1
14- O: -1
15- P: -1
16- Q: -1
17- R: -1
18- S: -1
19- T: -1
20- U: -1
21- V: -1
22- W: 3
23- X: 1438
24- Y: 0
25- Z: 63
26-AA: 100
27-AB: 200
28-AC: 5
29-AD: -905
30-AE: 2329
31-AF: -1
32-AG: -1
33-AH: -1
34-AI: -1
35-AJ: -1
36-AK: -1
37-AL: -1
38-AM: -1
39-AN: -1
40-AO: -1
41-AP: -1
42-AQ: -1
43-AR: -1
44-AS: -1
45-AT: -1
46-AU: -1
47-AV: -1
48-AW: -1
49-AX: -1
50-AY: -1
51-AZ: 3
52-BA: 16388
53-BB: 8292
54-BC: 16387
55-BD: 4120
56-BE: 2078
57-BF: 16392
58-BG: 6174
59-BH: 0
60-BI: 0
61-BJ: 0
62-BK: 0
63-BL: 0
64-BM: 0
65-BN: 0
66-BO: 0
67-BP: 0

0

Current weight
2371 = -46g
2364 = -38g
2374 = -49g
2371 = -46g
2367 = -41g
2371 = -46g
2373 = -48g
2364 = -38g
2364 = -38g
2374 = -49g

Current weight
2361 = -35g
2346 = -18g
2347 = -19g
2357 = -30g
2354 = -27g
2338 = -9g
2356 = -29g
2358 = -32g
2343 = -15g
2344 = -16g

2355

Current weight
2332 = -3g
2338 = -9g
2345 = -17g
2334 = -5g
2336 = -7g
2347 = -19g
2338 = -9g
2338 = -9g
2348 = -20g
2346 = -18g

Weight help
(we) Empty (tare)
(wk) Empty + 1kg
(wh) Filled level
(wt) Test

63

Weight help
(we) Empty (tare)
(wk) Empty + 1kg
(wh) Filled level
(wt) Test

0

0- A: 2312
1- B: 2337
2- C: 3506
3- D: 100
4- E: 3500
5- F: 2341
6- G: -13
7- H: 32767
8- I: 2355
9- J: -1
10- K: -1
11- L: -1
12- M: -1
13- N: -1
14- O: -1
15- P: -1
16- Q: -1
17- R: -1
18- S: -1
19- T: -1
20- U: -1
21- V: -1
22- W: 1
23- X: 1436
24- Y: 0
25- Z: 63
26-AA: 100
27-AB: 200
28-AC: 5
29-AD: -905
30-AE: 2329
31-AF: -1
32-AG: -1
33-AH: -1
34-AI: -1
35-AJ: -1
36-AK: -1
37-AL: -1
38-AM: -1
39-AN: -1
40-AO: -1
41-AP: -1
42-AQ: -1
43-AR: -1
44-AS: -1
45-AT: -1
46-AU: -1
47-AV: -1
48-AW: -1
49-AX: -1
50-AY: -1
51-AZ: 4
52-BA: 16388
53-BB: 8292
54-BC: 16387
55-BD: 4120
56-BE: 2078
57-BF: 16392
58-BG: 6174
59-BH: 0
60-BI: 0
61-BJ: 0
62-BK: 0
63-BL: 0
64-BM: 0
65-BN: 0
66-BO: 0
67-BP: 0

8

0

2316

2139

2111

2112

1991

1996

Weight help
(we) Empty (tare)
(wk) Empty + 1kg
(wh) Filled level
(wt) Test

2280

2173

0- A: 2375
1- B: 2393
2- C: 3250
3- D: 100
4- E: 3500
5- F: 2072
6- G: 762
7- H: 32767
8- I: 2173
9- J: -1
10- K: -1
11- L: -1
12- M: -1
13- N: -1
14- O: -1
15- P: -1
16- Q: -1
17- R: -1
18- S: -1
19- T: -1
20- U: -1
21- V: -1
22- W: 3
23- X: 1433
24- Y: 128
25- Z: 63
26-AA: 100
27-AB: 200
28-AC: 5
29-AD: -320
30-AE: 2316
31-AF: -1
32-AG: -1
33-AH: -1
34-AI: -1
35-AJ: -1
36-AK: -1
37-AL: -1
38-AM: -1
39-AN: -1
40-AO: -1
41-AP: -1
42-AQ: -1
43-AR: -1
44-AS: -1
45-AT: -1
46-AU: -1
47-AV: -1
48-AW: -1
49-AX: -1
50-AY: -1
51-AZ: 0
52-BA: 16388
53-BB: 8292
54-BC: 16387
55-BD: 4120
56-BE: 2078
57-BF: 16392
58-BG: 6174
59-BH: 0
60-BI: 0
61-BJ: 0
62-BK: 0
63-BL: 0
64-BM: 0
65-BN: 0
66-BO: 0
67-BP: 0

Current weight
2059 = 803g
2060 = 800g
2070 = 768g
2059 = 803g
2067 = 778g
2062 = 793g
2063 = 790g
2069 = 771g
2070 = 768g
2066 = 781g

Current weight
3022 = -2206g
3023 = -2209g
3019 = -2196g
3027 = -2221g
3018 = -2193g
3022 = -2206g
3022 = -2206g
3022 = -2206g
3022 = -2206g
3022 = -2206g

2423

2406

1158

1662

Current weight
2436 = -24g
2428 = -17g
2439 = -26g
2437 = -24g
2432 = -20g
2434 = -22g
2432 = -20g
2437 = -24g
2434 = -22g
2438 = -25g

Current weight
2435 = -23g
2434 = -22g
2433 = -21g
2437 = -24g
2435 = -23g
2439 = -26g
2437 = -24g
2435 = -23g
2434 = -22g
2436 = -24g

2436

Current weight
2427 = 7g
2436 = 0g
2430 = 4g
2433 = 2g
2430 = 4g
2430 = 4g
2433 = 2g
2433 = 2g
2435 = 0g
2434 = 1g

0- A: 2387
1- B: 2412
2- C: 3187
3- D: 100
4- E: 3500
5- F: 2433
6- G: 2
7- H: 32767
8- I: 1662
9- J: -1
10- K: -1
11- L: -1
12- M: -1
13- N: -1
14- O: -1
15- P: -1
16- Q: -1
17- R: -1
18- S: -1
19- T: -1
20- U: -1
21- V: -1
22- W: 3
23- X: 1431
24- Y: 0
25- Z: 63
26-AA: 100
27-AB: 200
28-AC: 5
29-AD: -1248
30-AE: 2436
31-AF: -1
32-AG: -1
33-AH: -1
34-AI: -1
35-AJ: -1
36-AK: -1
37-AL: -1
38-AM: -1
39-AN: -1
40-AO: -1
41-AP: -1
42-AQ: -1
43-AR: -1
44-AS: -1
45-AT: -1
46-AU: -1
47-AV: -1
48-AW: -1
49-AX: -1
50-AY: -1
51-AZ: 0
52-BA: 16388
53-BB: 8292
54-BC: 16387
55-BD: 4120
56-BE: 2078
57-BF: 16392
58-BG: 6174
59-BH: 0
60-BI: 0
61-BJ: 0
62-BK: 0
63-BL: 0
64-BM: 0
65-BN: 0
66-BO: 0
67-BP: 0

63

0

0- A: 2387
1- B: 2412
2- C: 3181
3- D: 100
4- E: 3500
5- F: 2438
6- G: -1
7- H: 32767
8- I: 1662
9- J: -1
10- K: -1
11- L: -1
12- M: -1
13- N: -1
14- O: -1
15- P: -1
16- Q: -1
17- R: -1
18- S: -1
19- T: -1
20- U: -1
21- V: -1
22- W: 1
23- X: 1431
24- Y: 0
25- Z: 63
26-AA: 100
27-AB: 200
28-AC: 5
29-AD: -1248
30-AE: 2436
31-AF: -1
32-AG: -1
33-AH: -1
34-AI: -1
35-AJ: -1
36-AK: -1
37-AL: -1
38-AM: -1
39-AN: -1
40-AO: -1
41-AP: -1
42-AQ: -1
43-AR: -1
44-AS: -1
45-AT: -1
46-AU: -1
47-AV: -1
48-AW: -1
49-AX: -1
50-AY: -1
51-AZ: 4
52-BA: 16388
53-BB: 8292
54-BC: 16387
55-BD: 4120
56-BE: 2078
57-BF: 16392
58-BG: 6174
59-BH: 0
60-BI: 0
61-BJ: 0
62-BK: 0
63-BL: 0
64-BM: 0
65-BN: 0
66-BO: 0
67-BP: 0

3

3

3

3

0

2

2

2

3


16391

0

0- A: 2612
1- B: 2625
2- C: 3493
3- D: 100
4- E: 3500
5- F: 2389
6- G: 37
7- H: 32767
8- I: 1662
9- J: -1
10- K: -1
11- L: -1
12- M: -1
13- N: -1
14- O: -1
15- P: -1
16- Q: -1
17- R: -1
18- S: -1
19- T: -1
20- U: -1
21- V: -1
22- W: 3
23- X: 1427
24- Y: 0
25- Z: 63
26-AA: 100
27-AB: 200
28-AC: 5
29-AD: -1248
30-AE: 2436
31-AF: -1
32-AG: -1
33-AH: -1
34-AI: -1
35-AJ: -1
36-AK: -1
37-AL: -1
38-AM: -1
39-AN: -1
40-AO: -1
41-AP: -1
42-AQ: -1
43-AR: -1
44-AS: -1
45-AT: -1
46-AU: -1
47-AV: -1
48-AW: -1
49-AX: -1
50-AY: -1
51-AZ: 7
52-BA: 16388
53-BB: 8292
54-BC: 16391
55-BD: 4120
56-BE: 2078
57-BF: 16392
58-BG: 6174
59-BH: 0
60-BI: 0
61-BJ: 0
62-BK: 0
63-BL: 0
64-BM: 0
65-BN: 0
66-BO: 0
67-BP: 0

0- A: 2637
1- B: 2606
2- C: 3537
3- D: 100
4- E: 3500
5- F: 2444
6- G: -6
7- H: 32767
8- I: 1662
9- J: -1
10- K: -1
11- L: -1
12- M: -1
13- N: -1
14- O: -1
15- P: -1
16- Q: -1
17- R: -1
18- S: -1
19- T: -1
20- U: -1
21- V: -1
22- W: 3
23- X: 1426
24- Y: 0
25- Z: 63
26-AA: 100
27-AB: 200
28-AC: 5
29-AD: -1248
30-AE: 2436
31-AF: -1
32-AG: -1
33-AH: -1
34-AI: -1
35-AJ: -1
36-AK: -1
37-AL: -1
38-AM: -1
39-AN: -1
40-AO: -1
41-AP: -1
42-AQ: -1
43-AR: -1
44-AS: -1
45-AT: -1
46-AU: -1
47-AV: -1
48-AW: -1
49-AX: -1
50-AY: -1
51-AZ: 7
52-BA: 16388
53-BB: 8292
54-BC: 16391
55-BD: 4120
56-BE: 2078
57-BF: 16392
58-BG: 6174
59-BH: 0
60-BI: 0
61-BJ: 0
62-BK: 0
63-BL: 0
64-BM: 0
65-BN: 0
66-BO: 0
67-BP: 0

0- A: 2975
1- B: 2581
2- C: 3525
3- D: 100
4- E: 3500
5- F: 2475
6- G: -31
7- H: 32767
8- I: 1662
9- J: -1
10- K: -1
11- L: -1
12- M: -1
13- N: -1
14- O: -1
15- P: -1
16- Q: -1
17- R: -1
18- S: -1
19- T: -1
20- U: -1
21- V: -1
22- W: 3
23- X: 1425
24- Y: 0
25- Z: 63
26-AA: 100
27-AB: 200
28-AC: 5
29-AD: -1248
30-AE: 2436
31-AF: -1
32-AG: -1
33-AH: -1
34-AI: -1
35-AJ: -1
36-AK: -1
37-AL: -1
38-AM: -1
39-AN: -1
40-AO: -1
41-AP: -1
42-AQ: -1
43-AR: -1
44-AS: -1
45-AT: -1
46-AU: -1
47-AV: -1
48-AW: -1
49-AX: -1
50-AY: -1
51-AZ: 7
52-BA: 16388
53-BB: 8292
54-BC: 16391
55-BD: 4120
56-BE: 2078
57-BF: 16392
58-BG: 6174
59-BH: 0
60-BI: 0
61-BJ: 0
62-BK: 0
63-BL: 0
64-BM: 0
65-BN: 0
66-BO: 0
67-BP: 0

0- A: 2987
1- B: 2581
2- C: 3487
3- D: 100
4- E: 3500
5- F: 2491
6- G: -44
7- H: 32767
8- I: 1662
9- J: -1
10- K: -1
11- L: -1
12- M: -1
13- N: -1
14- O: -1
15- P: -1
16- Q: -1
17- R: -1
18- S: -1
19- T: -1
20- U: -1
21- V: -1
22- W: 3
23- X: 1425
24- Y: 0
25- Z: 63
26-AA: 100
27-AB: 200
28-AC: 5
29-AD: -1248
30-AE: 2436
31-AF: -1
32-AG: -1
33-AH: -1
34-AI: -1
35-AJ: -1
36-AK: -1
37-AL: -1
38-AM: -1
39-AN: -1
40-AO: -1
41-AP: -1
42-AQ: -1
43-AR: -1
44-AS: -1
45-AT: -1
46-AU: -1
47-AV: -1
48-AW: -1
49-AX: -1
50-AY: -1
51-AZ: 7
52-BA: 16388
53-BB: 8292
54-BC: 16391
55-BD: 4120
56-BE: 2078
57-BF: 16392
58-BG: 6174
59-BH: 0
60-BI: 0
61-BJ: 0
62-BK: 0
63-BL: 0
64-BM: 0
65-BN: 0
66-BO: 0
67-BP: 0

0- A: 2943
1- B: 2550
2- C: 3506
3- D: 100
4- E: 3500
5- F: 2606
6- G: -136
7- H: 32767
8- I: 1662
9- J: -1
10- K: -1
11- L: -1
12- M: -1
13- N: -1
14- O: -1
15- P: -1
16- Q: -1
17- R: -1
18- S: -1
19- T: -1
20- U: -1
21- V: -1
22- W: 3
23- X: 1423
24- Y: 128
25- Z: 63
26-AA: 100
27-AB: 200
28-AC: 5
29-AD: -1248
30-AE: 2436
31-AF: -1
32-AG: -1
33-AH: -1
34-AI: -1
35-AJ: -1
36-AK: -1
37-AL: -1
38-AM: -1
39-AN: -1
40-AO: -1
41-AP: -1
42-AQ: -1
43-AR: -1
44-AS: -1
45-AT: -1
46-AU: -1
47-AV: -1
48-AW: -1
49-AX: -1
50-AY: -1
51-AZ: 7
52-BA: 16388
53-BB: 8292
54-BC: 16391
55-BD: 4120
56-BE: 2078
57-BF: 16392
58-BG: 6174
59-BH: 0
60-BI: 0
61-BJ: 0
62-BK: 0
63-BL: 0
64-BM: 0
65-BN: 0
66-BO: 0
67-BP: 0

0


2454

Current weight
2469 = -12g
2464 = -8g
2462 = -6g
2461 = -5g
2463 = -7g
2465 = -8g
2463 = -7g
2466 = -9g
2464 = -8g
2461 = -5g

2460

Weight help
(we) Empty (tare)
(wk) Empty + 1kg
(wh) Filled level
(wt) Test

2465

2568

1492

10

63

0

0

0

128

128

0


0

2260


2811

1591

63

0

0

0

0

0

0

0

0

0

128

128

(h)elp
(s)ettings
(u)tilities
(l)og
(o)ne-wire
(p)aram
s(t)atus
(w)eight

3

Weight help
(we) Empty (tare)
(wk) Empty + 1kg
(wh) Filled level
(wt) Test

0

8

Current weight
2432 = 312g
2434 = 315g
2433 = 313g
2438 = 323g
2438 = 323g
2437 = 321g
2440 = 326g
2437 = 321g
2432 = 312g
2434 = 315g

Current weight
2437 = 321g
2430 = 308g
2428 = 304g
2434 = 315g
2434 = 315g
2431 = 310g
2431 = 310g
2432 = 312g
2432 = 312g
2429 = 306g

Current weight
2425 = 299g
2425 = 299g
2423 = 295g
2426 = 301g
2422 = 294g
2426 = 301g
2427 = 303g
2423 = 295g
2424 = 297g
2425 = 299g

Current weight
2426 = 301g
2418 = 286g
2423 = 295g
2426 = 301g
2421 = 292g
2421 = 292g
2421 = 292g
2425 = 299g
2421 = 292g
2423 = 295g

Current weight
2397 = 248g
2399 = 252g
2407 = 266g
2400 = 254g
2402 = 257g
2404 = 261g
2401 = 255g
2399 = 252g
2399 = 252g
2400 = 254g

2386

Current weight
2370 = -29g
2393 = 12g
2384 = -3g
2388 = 3g
2388 = 3g
2386 = 0g
2384 = -3g
2386 = 0g
2388 = 3g
2386 = 0g

Current weight
2385 = -1g
2383 = -5g
2386 = 0g
2387 = 1g
2386 = 0g
2390 = 7g
2387 = 1g
2387 = 1g
2385 = -1g
2391 = 9g


0

2393

3390

2118

2427

3663

2311

Current weight
2365 = -50g
2367 = -48g
2371 = -45g
2367 = -48g
2370 = -46g
2368 = -47g
2371 = -45g
2364 = -50g
2371 = -45g
2370 = -46g

Current weight
2369 = -46g
2366 = -49g
2368 = -47g
2363 = -51g
2379 = -38g
2368 = -47g
2368 = -47g
2367 = -48g
2367 = -48g
2368 = -47g

63

0

Current weight
2384 = -34g
2369 = -46g
2374 = -42g
2381 = -37g
2370 = -46g
2381 = -37g
2376 = -41g
2374 = -42g
2375 = -42g
2375 = -42g

Current weight
2393 = -27g
2378 = -39g
2374 = -42g
2385 = -33g
2397 = -24g
2397 = -24g
2369 = -46g
2394 = -26g
2381 = -37g
2373 = -43g

Current weight
2385 = -33g
2386 = -33g
2400 = -21g
2379 = -38g
2422 = -4g
2389 = -30g
2403 = -19g
2389 = -30g
2389 = -30g
2403 = -19g

Current weight
2406 = -16g
2401 = -21g
2400 = -21g
2407 = -16g
2457 = 24g
2391 = -29g
2385 = -33g
2412 = -12g
2402 = -20g
2398 = -23g

Current weight
2417 = -8g
2417 = -8g
2426 = 0g
2398 = -23g
2443 = 12g
2375 = -42g
2392 = -28g
2393 = -27g
2400 = -21g
2389 = -30g

2311

Current weight
2448 = 16g
2452 = 20g
2443 = 12g
2441 = 11g
2450 = 18g
2447 = 16g
2440 = 10g
2450 = 18g
2456 = 23g
2441 = 11g

Current weight
2448 = 16g
2445 = 14g
2450 = 18g
2446 = 15g
2451 = 19g
2449 = 17g
2449 = 17g
2446 = 15g
2446 = 15g
2449 = 17g

Current weight
2449 = 17g
2450 = 18g
2451 = 19g
2453 = 21g
2448 = 16g
2452 = 20g
2451 = 19g
2454 = 21g
2452 = 20g
2449 = 17g

Current weight
2478 = 41g
2479 = 42g
2473 = 37g
2476 = 39g
2479 = 42g
2479 = 42g
2476 = 39g
2477 = 40g
2482 = 44g
2476 = 39g

0

8

0

2364

2939

4314

Current weight
2296 = -118g
2282 = -142g
2296 = -118g
2295 = -120g
2295 = -120g
2292 = -125g
2296 = -118g
2294 = -121g
2294 = -121g
2296 = -118g

Current weight
2297 = -116g
2307 = -99g
2294 = -121g
2294 = -121g
2294 = -121g
2297 = -116g
2293 = -123g
2292 = -125g
2293 = -123g
2296 = -118g


2286

2304

3053

3051

63

0

63

0

Current weight
2362 = 77g
2362 = 77g
2364 = 80g
2364 = 80g
2362 = 77g
2365 = 81g
2361 = 76g
2365 = 81g
2363 = 78g
2364 = 80g

Current weight
2368 = 85g
2365 = 81g
2368 = 85g
2370 = 88g
2370 = 88g
2366 = 82g
2368 = 85g
2369 = 86g
2371 = 89g
2372 = 90g

Current weight
2434 = 173g
2446 = 189g
2436 = 176g
2433 = 172g
2441 = 182g
2435 = 174g
2432 = 170g
2436 = 176g
2441 = 182g
2446 = 189g

Current weight
2538 = 312g
2543 = 319g
2547 = 324g
2543 = 319g
2542 = 317g
2554 = 333g
2543 = 319g
2534 = 307g
2552 = 331g
2544 = 320g

3051

Current weight
2669 = 487g
2680 = 502g
2683 = 506g
2673 = 492g
2675 = 495g
2684 = 507g
2678 = 499g
2671 = 489g
2688 = 512g
2686 = 510g

Current weight
2797 = 658g
2806 = 670g
2809 = 674g
2798 = 659g
2814 = 680g
2816 = 683g
2802 = 664g
2802 = 664g
2806 = 670g
2805 = 668g

Current weight
2833 = 706g
2836 = 710g
2823 = 692g
2823 = 692g
2833 = 706g
2831 = 703g
2824 = 694g
2832 = 704g
2841 = 716g
2827 = 698g

Current weight
2926 = 830g
2919 = 821g
2930 = 835g
2918 = 819g
2925 = 829g
2937 = 845g
2932 = 838g
2923 = 826g
2931 = 837g
2925 = 829g

Current weight
2940 = 849g
2936 = 843g
2927 = 831g
2942 = 851g
2944 = 854g
2933 = 839g
2923 = 826g
2939 = 847g
2941 = 850g
2938 = 846g

3006

2856

Current weight
2940 = 849g
2932 = 838g
2949 = 861g
2944 = 854g
2940 = 849g
2952 = 865g
2940 = 849g
2937 = 845g
2949 = 861g
2939 = 847g

Current weight
2935 = 842g
2922 = 825g
2924 = 827g
2928 = 833g
2929 = 834g
2922 = 825g
2920 = 822g
2927 = 831g
2931 = 837g
2923 = 826g

Current weight
2947 = 858g
2941 = 850g
2939 = 847g
2946 = 857g
2952 = 865g
2954 = 867g
2938 = 846g
2954 = 867g
2935 = 842g
2942 = 851g

Current weight
3172 = 1158g
3173 = 1160g
3166 = 1150g
3178 = 1166g
3169 = 1154g
3172 = 1158g
3175 = 1162g
3182 = 1172g
3169 = 1154g
3171 = 1157g

3051

Current weight
3182 = 1172g
3190 = 1182g
3182 = 1172g
3179 = 1168g
3191 = 1184g
3192 = 1185g
3180 = 1169g
3184 = 1174g
3195 = 1189g
3184 = 1174g

1198


3206

2304

Weight help
(we) Empty (tare)
(wk) Empty + 1kg
(wh) Filled level
(wt) Test

3


0


8

4


0

1390

3

3342

0- A: 3062
1- B: 3087
2- C: 3181
3- D: 100
4- E: 3500
5- F: 2834
6- G: 707
7- H: 32767
8- I: 3342
9- J: -1
10- K: -1
11- L: -1
12- M: -1
13- N: -1
14- O: -1
15- P: -1
16- Q: -1
17- R: -1
18- S: -1
19- T: -1
20- U: -1
21- V: -1
22- W: 3
23- X: 1383
24- Y: 0
25- Z: 63
26-AA: 100
27-AB: 200
28-AC: 5
29-AD: 749
30-AE: 2304
31-AF: -1
32-AG: -1
33-AH: -1
34-AI: -1
35-AJ: -1
36-AK: -1
37-AL: -1
38-AM: -1
39-AN: -1
40-AO: -1
41-AP: -1
42-AQ: -1
43-AR: -1
44-AS: -1
45-AT: -1
46-AU: -1
47-AV: -1
48-AW: -1
49-AX: -1
50-AY: -1
51-AZ: 0
52-BA: 16388
53-BB: 8292
54-BC: 16391
55-BD: 4120
56-BE: 2078
57-BF: 16392
58-BG: 6174
59-BH: 0
60-BI: 0
61-BJ: 0
62-BK: 0
63-BL: 0
64-BM: 0
65-BN: 0
66-BO: 0
67-BP: 0

3

0

3


0- A: 3056
1- B: 3081
2- C: 3168
3- D: 100
4- E: 3500
5- F: 2803
6- G: 666
7- H: 32767
8- I: 3342
9- J: -1
10- K: -1
11- L: -1
12- M: -1
13- N: -1
14- O: -1
15- P: -1
16- Q: -1
17- R: -1
18- S: -1
19- T: -1
20- U: -1
21- V: -1
22- W: 3
23- X: 1382
24- Y: 0
25- Z: 63
26-AA: 100
27-AB: 200
28-AC: 5
29-AD: 749
30-AE: 2304
31-AF: -1
32-AG: -1
33-AH: -1
34-AI: -1
35-AJ: -1
36-AK: -1
37-AL: -1
38-AM: -1
39-AN: -1
40-AO: -1
41-AP: -1
42-AQ: -1
43-AR: -1
44-AS: -1
45-AT: -1
46-AU: -1
47-AV: -1
48-AW: -1
49-AX: -1
50-AY: -1
51-AZ: 3
52-BA: 16388
53-BB: 8292
54-BC: 16391
55-BD: 4120
56-BE: 2078
57-BF: 16392
58-BG: 6174
59-BH: 0
60-BI: 0
61-BJ: 0
62-BK: 0
63-BL: 0
64-BM: 0
65-BN: 0
66-BO: 0
67-BP: 0

3487

3493

3

352

-1

0- A: 3487
1- B: 3500
2- C: 3481
3- D: 24
4- E: 3500
5- F: 3034
6- G: 974
7- H: 32767
8- I: 3342
9- J: -1
10- K: -1
11- L: -1
12- M: -1
13- N: -1
14- O: -1
15- P: -1
16- Q: -1
17- R: -1
18- S: -1
19- T: -1
20- U: -1
21- V: -1
22- W: 3
23- X: 310
24- Y: 0
25- Z: 63
26-AA: 100
27-AB: 200
28-AC: 5
29-AD: 749
30-AE: 2304
31-AF: -1
32-AG: -1
33-AH: -1
34-AI: -1
35-AJ: -1
36-AK: -1
37-AL: -1
38-AM: -1
39-AN: -1
40-AO: -1
41-AP: -1
42-AQ: -1
43-AR: -1
44-AS: -1
45-AT: -1
46-AU: -1
47-AV: -1
48-AW: -1
49-AX: -1
50-AY: -1
51-AZ: 3
52-BA: 16388
53-BB: 8292
54-BC: 16391
55-BD: 4120
56-BE: 2078
57-BF: 16392
58-BG: 6174
59-BH: 0
60-BI: 0
61-BJ: 0
62-BK: 0
63-BL: 0
64-BM: 0
65-BN: 0
66-BO: 0
67-BP: 0

0- A: 3493
1- B: 3500
2- C: 3493
3- D: 25
4- E: 3500
5- F: 2913
6- G: 813
7- H: 32767
8- I: 3342
9- J: -1
10- K: -1
11- L: -1
12- M: -1
13- N: -1
14- O: -1
15- P: -1
16- Q: -1
17- R: -1
18- S: -1
19- T: -1
20- U: -1
21- V: -1
22- W: 3
23- X: 260
24- Y: 0
25- Z: 63
26-AA: 100
27-AB: 200
28-AC: 5
29-AD: 749
30-AE: 2304
31-AF: -1
32-AG: -1
33-AH: -1
34-AI: -1
35-AJ: -1
36-AK: -1
37-AL: -1
38-AM: -1
39-AN: -1
40-AO: -1
41-AP: -1
42-AQ: -1
43-AR: -1
44-AS: -1
45-AT: -1
46-AU: -1
47-AV: -1
48-AW: -1
49-AX: -1
50-AY: -1
51-AZ: 3
52-BA: 16388
53-BB: 8292
54-BC: 16391
55-BD: 4120
56-BE: 2078
57-BF: 16392
58-BG: 6174
59-BH: 0
60-BI: 0
61-BJ: 0
62-BK: 0
63-BL: 0
64-BM: 0
65-BN: 0
66-BO: 0
67-BP: 0

0- A: 3493
1- B: 3500
2- C: 3475
3- D: 27
4- E: 3500
5- F: 3000
6- G: 929
7- H: 32767
8- I: 3342
9- J: -1
10- K: -1
11- L: -1
12- M: -1
13- N: -1
14- O: -1
15- P: -1
16- Q: -1
17- R: -1
18- S: -1
19- T: -1
20- U: -1
21- V: -1
22- W: 3
23- X: 117
24- Y: 0
25- Z: 63
26-AA: 100
27-AB: 200
28-AC: 5
29-AD: 749
30-AE: 2304
31-AF: -1
32-AG: -1
33-AH: -1
34-AI: -1
35-AJ: -1
36-AK: -1
37-AL: -1
38-AM: -1
39-AN: -1
40-AO: -1
41-AP: -1
42-AQ: -1
43-AR: -1
44-AS: -1
45-AT: -1
46-AU: -1
47-AV: -1
48-AW: -1
49-AX: -1
50-AY: -1
51-AZ: 3
52-BA: 16388
53-BB: 8292
54-BC: 16391
55-BD: 4120
56-BE: 2078
57-BF: 16392
58-BG: 6174
59-BH: 0
60-BI: 0
61-BJ: 0
62-BK: 0
63-BL: 0
64-BM: 0
65-BN: 0
66-BO: 0
67-BP: 0

0- A: 3493
1- B: 3500
2- C: 3487
3- D: 27
4- E: 3500
5- F: 3000
6- G: 929
7- H: 32767
8- I: 3342
9- J: -1
10- K: -1
11- L: -1
12- M: -1
13- N: -1
14- O: -1
15- P: -1
16- Q: -1
17- R: -1
18- S: -1
19- T: -1
20- U: -1
21- V: -1
22- W: 3
23- X: 117
24- Y: 0
25- Z: 63
26-AA: 100
27-AB: 200
28-AC: 5
29-AD: 749
30-AE: 2304
31-AF: -1
32-AG: -1
33-AH: -1
34-AI: -1
35-AJ: -1
36-AK: -1
37-AL: -1
38-AM: -1
39-AN: -1
40-AO: -1
41-AP: -1
42-AQ: -1
43-AR: -1
44-AS: -1
45-AT: -1
46-AU: -1
47-AV: -1
48-AW: -1
49-AX: -1
50-AY: -1
51-AZ: 3
52-BA: 16388
53-BB: 8292
54-BC: 16391
55-BD: 4120
56-BE: 2078
57-BF: 16392
58-BG: 6174
59-BH: 0
60-BI: 0
61-BJ: 0
62-BK: 0
63-BL: 0
64-BM: 0
65-BN: 0
66-BO: 0
67-BP: 0

0- A: 3493
1- B: 3500
2- C: 3475
3- D: 27
4- E: 3500
5- F: 2956
6- G: 870
7- H: 32767
8- I: 3342
9- J: -1
10- K: -1
11- L: -1
12- M: -1
13- N: -1
14- O: -1
15- P: -1
16- Q: -1
17- R: -1
18- S: -1
19- T: -1
20- U: -1
21- V: -1
22- W: 3
23- X: 103
24- Y: 0
25- Z: 63
26-AA: 100
27-AB: 200
28-AC: 5
29-AD: 749
30-AE: 2304
31-AF: -1
32-AG: -1
33-AH: -1
34-AI: -1
35-AJ: -1
36-AK: -1
37-AL: -1
38-AM: -1
39-AN: -1
40-AO: -1
41-AP: -1
42-AQ: -1
43-AR: -1
44-AS: -1
45-AT: -1
46-AU: -1
47-AV: -1
48-AW: -1
49-AX: -1
50-AY: -1
51-AZ: 3
52-BA: 16388
53-BB: 8292
54-BC: 16391
55-BD: 4120
56-BE: 2078
57-BF: 16392
58-BG: 6174
59-BH: 0
60-BI: 0
61-BJ: 0
62-BK: 0
63-BL: 0
64-BM: 0
65-BN: 0
66-BO: 0
67-BP: 0

0- A: 3487
1- B: 3500
2- C: 3450
3- D: 27
4- E: 3500
5- F: 2953
6- G: 866
7- H: 32767
8- I: 3342
9- J: -1
10- K: -1
11- L: -1
12- M: -1
13- N: -1
14- O: -1
15- P: -1
16- Q: -1
17- R: -1
18- S: -1
19- T: -1
20- U: -1
21- V: -1
22- W: 3
23- X: 103
24- Y: 0
25- Z: 63
26-AA: 100
27-AB: 200
28-AC: 5
29-AD: 749
30-AE: 2304
31-AF: -1
32-AG: -1
33-AH: -1
34-AI: -1
35-AJ: -1
36-AK: -1
37-AL: -1
38-AM: -1
39-AN: -1
40-AO: -1
41-AP: -1
42-AQ: -1
43-AR: -1
44-AS: -1
45-AT: -1
46-AU: -1
47-AV: -1
48-AW: -1
49-AX: -1
50-AY: -1
51-AZ: 3
52-BA: 16388
53-BB: 8292
54-BC: 16391
55-BD: 4120
56-BE: 2078
57-BF: 16392
58-BG: 6174
59-BH: 0
60-BI: 0
61-BJ: 0
62-BK: 0
63-BL: 0
64-BM: 0
65-BN: 0
66-BO: 0
67-BP: 0

0- A: 3493
1- B: 3493
2- C: 3506
3- D: 38
4- E: 3500
5- F: 2940
6- G: 849
7- H: 32767
8- I: 3342
9- J: -1
10- K: -1
11- L: -1
12- M: -1
13- N: -1
14- O: -1
15- P: -1
16- Q: -1
17- R: -1
18- S: -1
19- T: -1
20- U: -1
21- V: -1
22- W: 3
23- X: 95
24- Y: 0
25- Z: 63
26-AA: 100
27-AB: 200
28-AC: 5
29-AD: 749
30-AE: 2304
31-AF: -1
32-AG: -1
33-AH: -1
34-AI: -1
35-AJ: -1
36-AK: -1
37-AL: -1
38-AM: -1
39-AN: -1
40-AO: -1
41-AP: -1
42-AQ: -1
43-AR: -1
44-AS: -1
45-AT: -1
46-AU: -1
47-AV: -1
48-AW: -1
49-AX: -1
50-AY: -1
51-AZ: 3
52-BA: 16388
53-BB: 8292
54-BC: 16391
55-BD: 4120
56-BE: 2078
57-BF: 16392
58-BG: 6174
59-BH: 0
60-BI: 0
61-BJ: 0
62-BK: 0
63-BL: 0
64-BM: 0
65-BN: 0
66-BO: 0
67-BP: 0

0- A: 3493
1- B: 3500
2- C: 3468
3- D: 27
4- E: 3500
5- F: 2915
6- G: 815
7- H: 32767
8- I: 3342
9- J: -1
10- K: -1
11- L: -1
12- M: -1
13- N: -1
14- O: -1
15- P: -1
16- Q: -1
17- R: -1
18- S: -1
19- T: -1
20- U: -1
21- V: -1
22- W: 3
23- X: 88
24- Y: 0
25- Z: 63
26-AA: 100
27-AB: 200
28-AC: 5
29-AD: 749
30-AE: 2304
31-AF: -1
32-AG: -1
33-AH: -1
34-AI: -1
35-AJ: -1
36-AK: -1
37-AL: -1
38-AM: -1
39-AN: -1
40-AO: -1
41-AP: -1
42-AQ: -1
43-AR: -1
44-AS: -1
45-AT: -1
46-AU: -1
47-AV: -1
48-AW: -1
49-AX: -1
50-AY: -1
51-AZ: 3
52-BA: 16388
53-BB: 8292
54-BC: 16391
55-BD: 4120
56-BE: 2078
57-BF: 16392
58-BG: 6174
59-BH: 0
60-BI: 0
61-BJ: 0
62-BK: 0
63-BL: 0
64-BM: 0
65-BN: 0
66-BO: 0
67-BP: 0

0- A: 3487
1- B: 3493
2- C: 3443
3- D: 38
4- E: 3500
5- F: 2921
6- G: 823
7- H: 32767
8- I: 3342
9- J: -1
10- K: -1
11- L: -1
12- M: -1
13- N: -1
14- O: -1
15- P: -1
16- Q: -1
17- R: -1
18- S: -1
19- T: -1
20- U: -1
21- V: -1
22- W: 3
23- X: 87
24- Y: 0
25- Z: 63
26-AA: 100
27-AB: 200
28-AC: 5
29-AD: 749
30-AE: 2304
31-AF: -1
32-AG: -1
33-AH: -1
34-AI: -1
35-AJ: -1
36-AK: -1
37-AL: -1
38-AM: -1
39-AN: -1
40-AO: -1
41-AP: -1
42-AQ: -1
43-AR: -1
44-AS: -1
45-AT: -1
46-AU: -1
47-AV: -1
48-AW: -1
49-AX: -1
50-AY: -1
51-AZ: 3
52-BA: 16388
53-BB: 8292
54-BC: 16391
55-BD: 4120
56-BE: 2078
57-BF: 16392
58-BG: 6174
59-BH: 0
60-BI: 0
61-BJ: 0
62-BK: 0
63-BL: 0
64-BM: 0
65-BN: 0
66-BO: 0
67-BP: 0

0- A: 3493
1- B: 3500
2- C: 3462
3- D: 27
4- E: 3500
5- F: 2914
6- G: 814
7- H: 32767
8- I: 3342
9- J: -1
10- K: -1
11- L: -1
12- M: -1
13- N: -1
14- O: -1
15- P: -1
16- Q: -1
17- R: -1
18- S: -1
19- T: -1
20- U: -1
21- V: -1
22- W: 3
23- X: 81
24- Y: 0
25- Z: 63
26-AA: 100
27-AB: 200
28-AC: 5
29-AD: 749
30-AE: 2304
31-AF: -1
32-AG: -1
33-AH: -1
34-AI: -1
35-AJ: -1
36-AK: -1
37-AL: -1
38-AM: -1
39-AN: -1
40-AO: -1
41-AP: -1
42-AQ: -1
43-AR: -1
44-AS: -1
45-AT: -1
46-AU: -1
47-AV: -1
48-AW: -1
49-AX: -1
50-AY: -1
51-AZ: 3
52-BA: 16388
53-BB: 8292
54-BC: 16391
55-BD: 4120
56-BE: 2078
57-BF: 16392
58-BG: 6174
59-BH: 0
60-BI: 0
61-BJ: 0
62-BK: 0
63-BL: 0
64-BM: 0
65-BN: 0
66-BO: 0
67-BP: 0

0- A: 3493
1- B: 3500
2- C: 3475
3- D: 27
4- E: 3500
5- F: 2907
6- G: 805
7- H: 32767
8- I: 3342
9- J: -1
10- K: -1
11- L: -1
12- M: -1
13- N: -1
14- O: -1
15- P: -1
16- Q: -1
17- R: -1
18- S: -1
19- T: -1
20- U: -1
21- V: -1
22- W: 3
23- X: 81
24- Y: 0
25- Z: 63
26-AA: 100
27-AB: 200
28-AC: 5
29-AD: 749
30-AE: 2304
31-AF: -1
32-AG: -1
33-AH: -1
34-AI: -1
35-AJ: -1
36-AK: -1
37-AL: -1
38-AM: -1
39-AN: -1
40-AO: -1
41-AP: -1
42-AQ: -1
43-AR: -1
44-AS: -1
45-AT: -1
46-AU: -1
47-AV: -1
48-AW: -1
49-AX: -1
50-AY: -1
51-AZ: 3
52-BA: 16388
53-BB: 8292
54-BC: 16391
55-BD: 4120
56-BE: 2078
57-BF: 16392
58-BG: 6174
59-BH: 0
60-BI: 0
61-BJ: 0
62-BK: 0
63-BL: 0
64-BM: 0
65-BN: 0
66-BO: 0
67-BP: 0

0- A: 3493
1- B: 3500
2- C: 3500
3- D: 27
4- E: 3500
5- F: 2912
6- G: 811
7- H: 32767
8- I: 3342
9- J: -1
10- K: -1
11- L: -1
12- M: -1
13- N: -1
14- O: -1
15- P: -1
16- Q: -1
17- R: -1
18- S: -1
19- T: -1
20- U: -1
21- V: -1
22- W: 3
23- X: 79
24- Y: 0
25- Z: 63
26-AA: 100
27-AB: 200
28-AC: 5
29-AD: 749
30-AE: 2304
31-AF: -1
32-AG: -1
33-AH: -1
34-AI: -1
35-AJ: -1
36-AK: -1
37-AL: -1
38-AM: -1
39-AN: -1
40-AO: -1
41-AP: -1
42-AQ: -1
43-AR: -1
44-AS: -1
45-AT: -1
46-AU: -1
47-AV: -1
48-AW: -1
49-AX: -1
50-AY: -1
51-AZ: 3
52-BA: 16388
53-BB: 8292
54-BC: 16391
55-BD: 4120
56-BE: 2078
57-BF: 16392
58-BG: 6174
59-BH: 0
60-BI: 0
61-BJ: 0
62-BK: 0
63-BL: 0
64-BM: 0
65-BN: 0
66-BO: 0
67-BP: 0

0- A: 3493
1- B: 3500
2- C: 3487
3- D: 27
4- E: 3500
5- F: 2903
6- G: 799
7- H: 32767
8- I: 3342
9- J: -1
10- K: -1
11- L: -1
12- M: -1
13- N: -1
14- O: -1
15- P: -1
16- Q: -1
17- R: -1
18- S: -1
19- T: -1
20- U: -1
21- V: -1
22- W: 3
23- X: 77
24- Y: 0
25- Z: 63
26-AA: 100
27-AB: 200
28-AC: 5
29-AD: 749
30-AE: 2304
31-AF: -1
32-AG: -1
33-AH: -1
34-AI: -1
35-AJ: -1
36-AK: -1
37-AL: -1
38-AM: -1
39-AN: -1
40-AO: -1
41-AP: -1
42-AQ: -1
43-AR: -1
44-AS: -1
45-AT: -1
46-AU: -1
47-AV: -1
48-AW: -1
49-AX: -1
50-AY: -1
51-AZ: 3
52-BA: 16388
53-BB: 8292
54-BC: 16391
55-BD: 4120
56-BE: 2078
57-BF: 16392
58-BG: 6174
59-BH: 0
60-BI: 0
61-BJ: 0
62-BK: 0
63-BL: 0
64-BM: 0
65-BN: 0
66-BO: 0
67-BP: 0

0- A: 3493
1- B: 3500
2- C: 3487
3- D: 27
4- E: 3500
5- F: 2911
6- G: 810
7- H: 32767
8- I: 3342
9- J: -1
10- K: -1
11- L: -1
12- M: -1
13- N: -1
14- O: -1
15- P: -1
16- Q: -1
17- R: -1
18- S: -1
19- T: -1
20- U: -1
21- V: -1
22- W: 3
23- X: 69
24- Y: 0
25- Z: 63
26-AA: 100
27-AB: 200
28-AC: 5
29-AD: 749
30-AE: 2304
31-AF: -1
32-AG: -1
33-AH: -1
34-AI: -1
35-AJ: -1
36-AK: -1
37-AL: -1
38-AM: -1
39-AN: -1
40-AO: -1
41-AP: -1
42-AQ: -1
43-AR: -1
44-AS: -1
45-AT: -1
46-AU: -1
47-AV: -1
48-AW: -1
49-AX: -1
50-AY: -1
51-AZ: 3
52-BA: 16388
53-BB: 8292
54-BC: 16391
55-BD: 4120
56-BE: 2078
57-BF: 16392
58-BG: 6174
59-BH: 0
60-BI: 0
61-BJ: 0
62-BK: 0
63-BL: 0
64-BM: 0
65-BN: 0
66-BO: 0
67-BP: 0

0- A: 3487
1- B: 3500
2- C: 3475
3- D: 28
4- E: 3500
5- F: 2902
6- G: 798
7- H: 32767
8- I: 3342
9- J: -1
10- K: -1
11- L: -1
12- M: -1
13- N: -1
14- O: -1
15- P: -1
16- Q: -1
17- R: -1
18- S: -1
19- T: -1
20- U: -1
21- V: -1
22- W: 3
23- X: 61
24- Y: 0
25- Z: 63
26-AA: 100
27-AB: 200
28-AC: 5
29-AD: 749
30-AE: 2304
31-AF: -1
32-AG: -1
33-AH: -1
34-AI: -1
35-AJ: -1
36-AK: -1
37-AL: -1
38-AM: -1
39-AN: -1
40-AO: -1
41-AP: -1
42-AQ: -1
43-AR: -1
44-AS: -1
45-AT: -1
46-AU: -1
47-AV: -1
48-AW: -1
49-AX: -1
50-AY: -1
51-AZ: 3
52-BA: 16388
53-BB: 8292
54-BC: 16391
55-BD: 4120
56-BE: 2078
57-BF: 16392
58-BG: 6174
59-BH: 0
60-BI: 0
61-BJ: 0
62-BK: 0
63-BL: 0
64-BM: 0
65-BN: 0
66-BO: 0
67-BP: 0

0- A: 3493
1- B: 3500
2- C: 3475
3- D: 28
4- E: 3500
5- F: 2905
6- G: 802
7- H: 32767
8- I: 3342
9- J: -1
10- K: -1
11- L: -1
12- M: -1
13- N: -1
14- O: -1
15- P: -1
16- Q: -1
17- R: -1
18- S: -1
19- T: -1
20- U: -1
21- V: -1
22- W: 3
23- X: 56
24- Y: 0
25- Z: 63
26-AA: 100
27-AB: 200
28-AC: 5
29-AD: 749
30-AE: 2304
31-AF: -1
32-AG: -1
33-AH: -1
34-AI: -1
35-AJ: -1
36-AK: -1
37-AL: -1
38-AM: -1
39-AN: -1
40-AO: -1
41-AP: -1
42-AQ: -1
43-AR: -1
44-AS: -1
45-AT: -1
46-AU: -1
47-AV: -1
48-AW: -1
49-AX: -1
50-AY: -1
51-AZ: 3
52-BA: 16388
53-BB: 8292
54-BC: 16391
55-BD: 4120
56-BE: 2078
57-BF: 16392
58-BG: 6174
59-BH: 0
60-BI: 0
61-BJ: 0
62-BK: 0
63-BL: 0
64-BM: 0
65-BN: 0
66-BO: 0
67-BP: 0

0- A: 3493
1- B: 3500
2- C: 3481
3- D: 27
4- E: 3500
5- F: 2895
6- G: 789
7- H: 32767
8- I: 3342
9- J: -1
10- K: -1
11- L: -1
12- M: -1
13- N: -1
14- O: -1
15- P: -1
16- Q: -1
17- R: -1
18- S: -1
19- T: -1
20- U: -1
21- V: -1
22- W: 3
23- X: 51
24- Y: 0
25- Z: 63
26-AA: 100
27-AB: 200
28-AC: 5
29-AD: 749
30-AE: 2304
31-AF: -1
32-AG: -1
33-AH: -1
34-AI: -1
35-AJ: -1
36-AK: -1
37-AL: -1
38-AM: -1
39-AN: -1
40-AO: -1
41-AP: -1
42-AQ: -1
43-AR: -1
44-AS: -1
45-AT: -1
46-AU: -1
47-AV: -1
48-AW: -1
49-AX: -1
50-AY: -1
51-AZ: 3
52-BA: 16388
53-BB: 8292
54-BC: 16391
55-BD: 4120
56-BE: 2078
57-BF: 16392
58-BG: 6174
59-BH: 0
60-BI: 0
61-BJ: 0
62-BK: 0
63-BL: 0
64-BM: 0
65-BN: 0
66-BO: 0
67-BP: 0

0- A: 3493
1- B: 3500
2- C: 3493
3- D: 27
4- E: 3500
5- F: 2914
6- G: 814
7- H: 32767
8- I: 3342
9- J: -1
10- K: -1
11- L: -1
12- M: -1
13- N: -1
14- O: -1
15- P: -1
16- Q: -1
17- R: -1
18- S: -1
19- T: -1
20- U: -1
21- V: -1
22- W: 3
23- X: 47
24- Y: 0
25- Z: 63
26-AA: 100
27-AB: 200
28-AC: 5
29-AD: 749
30-AE: 2304
31-AF: -1
32-AG: -1
33-AH: -1
34-AI: -1
35-AJ: -1
36-AK: -1
37-AL: -1
38-AM: -1
39-AN: -1
40-AO: -1
41-AP: -1
42-AQ: -1
43-AR: -1
44-AS: -1
45-AT: -1
46-AU: -1
47-AV: -1
48-AW: -1
49-AX: -1
50-AY: -1
51-AZ: 3
52-BA: 16388
53-BB: 8292
54-BC: 16391
55-BD: 4120
56-BE: 2078
57-BF: 16392
58-BG: 6174
59-BH: 0
60-BI: 0
61-BJ: 0
62-BK: 0
63-BL: 0
64-BM: 0
65-BN: 0
66-BO: 0
67-BP: 0

0- A: 3493
1- B: 3500
2- C: 3443
3- D: 27
4- E: 3500
5- F: 2922
6- G: 825
7- H: 32767
8- I: 3342
9- J: -1
10- K: -1
11- L: -1
12- M: -1
13- N: -1
14- O: -1
15- P: -1
16- Q: -1
17- R: -1
18- S: -1
19- T: -1
20- U: -1
21- V: -1
22- W: 3
23- X: 43
24- Y: 0
25- Z: 63
26-AA: 100
27-AB: 200
28-AC: 5
29-AD: 749
30-AE: 2304
31-AF: -1
32-AG: -1
33-AH: -1
34-AI: -1
35-AJ: -1
36-AK: -1
37-AL: -1
38-AM: -1
39-AN: -1
40-AO: -1
41-AP: -1
42-AQ: -1
43-AR: -1
44-AS: -1
45-AT: -1
46-AU: -1
47-AV: -1
48-AW: -1
49-AX: -1
50-AY: -1
51-AZ: 3
52-BA: 16388
53-BB: 8292
54-BC: 16391
55-BD: 4120
56-BE: 2078
57-BF: 16392
58-BG: 6174
59-BH: 0
60-BI: 0
61-BJ: 0
62-BK: 0
63-BL: 0
64-BM: 0
65-BN: 0
66-BO: 0
67-BP: 0

0- A: 3493
1- B: 3500
2- C: 3500
3- D: 27
4- E: 3500
5- F: 2912
6- G: 811
7- H: 32767
8- I: 3342
9- J: -1
10- K: -1
11- L: -1
12- M: -1
13- N: -1
14- O: -1
15- P: -1
16- Q: -1
17- R: -1
18- S: -1
19- T: -1
20- U: -1
21- V: -1
22- W: 3
23- X: 39
24- Y: 0
25- Z: 63
26-AA: 100
27-AB: 200
28-AC: 5
29-AD: 749
30-AE: 2304
31-AF: -1
32-AG: -1
33-AH: -1
34-AI: -1
35-AJ: -1
36-AK: -1
37-AL: -1
38-AM: -1
39-AN: -1
40-AO: -1
41-AP: -1
42-AQ: -1
43-AR: -1
44-AS: -1
45-AT: -1
46-AU: -1
47-AV: -1
48-AW: -1
49-AX: -1
50-AY: -1
51-AZ: 3
52-BA: 16388
53-BB: 8292
54-BC: 16391
55-BD: 4120
56-BE: 2078
57-BF: 16392
58-BG: 6174
59-BH: 0
60-BI: 0
61-BJ: 0
62-BK: 0
63-BL: 0
64-BM: 0
65-BN: 0
66-BO: 0
67-BP: 0

0- A: 3493
1- B: 3500
2- C: 3487
3- D: 27
4- E: 3500
5- F: 2893
6- G: 786
7- H: 32767
8- I: 3342
9- J: -1
10- K: -1
11- L: -1
12- M: -1
13- N: -1
14- O: -1
15- P: -1
16- Q: -1
17- R: -1
18- S: -1
19- T: -1
20- U: -1
21- V: -1
22- W: 3
23- X: 33
24- Y: 0
25- Z: 63
26-AA: 100
27-AB: 200
28-AC: 5
29-AD: 749
30-AE: 2304
31-AF: -1
32-AG: -1
33-AH: -1
34-AI: -1
35-AJ: -1
36-AK: -1
37-AL: -1
38-AM: -1
39-AN: -1
40-AO: -1
41-AP: -1
42-AQ: -1
43-AR: -1
44-AS: -1
45-AT: -1
46-AU: -1
47-AV: -1
48-AW: -1
49-AX: -1
50-AY: -1
51-AZ: 3
52-BA: 16388
53-BB: 8292
54-BC: 16391
55-BD: 4120
56-BE: 2078
57-BF: 16392
58-BG: 6174
59-BH: 0
60-BI: 0
61-BJ: 0
62-BK: 0
63-BL: 0
64-BM: 0
65-BN: 0
66-BO: 0
67-BP: 0

0- A: 3493
1- B: 3500
2- C: 3475
3- D: 27
4- E: 3500
5- F: 2898
6- G: 793
7- H: 32767
8- I: 3342
9- J: -1
10- K: -1
11- L: -1
12- M: -1
13- N: -1
14- O: -1
15- P: -1
16- Q: -1
17- R: -1
18- S: -1
19- T: -1
20- U: -1
21- V: -1
22- W: 3
23- X: 28
24- Y: 0
25- Z: 63
26-AA: 100
27-AB: 200
28-AC: 5
29-AD: 749
30-AE: 2304
31-AF: -1
32-AG: -1
33-AH: -1
34-AI: -1
35-AJ: -1
36-AK: -1
37-AL: -1
38-AM: -1
39-AN: -1
40-AO: -1
41-AP: -1
42-AQ: -1
43-AR: -1
44-AS: -1
45-AT: -1
46-AU: -1
47-AV: -1
48-AW: -1
49-AX: -1
50-AY: -1
51-AZ: 3
52-BA: 16388
53-BB: 8292
54-BC: 16391
55-BD: 4120
56-BE: 2078
57-BF: 16392
58-BG: 6174
59-BH: 0
60-BI: 0
61-BJ: 0
62-BK: 0
63-BL: 0
64-BM: 0
65-BN: 0
66-BO: 0
67-BP: 0

0- A: 3493
1- B: 3500
2- C: 3462
3- D: 27
4- E: 3500
5- F: 2915
6- G: 815
7- H: 32767
8- I: 3342
9- J: -1
10- K: -1
11- L: -1
12- M: -1
13- N: -1
14- O: -1
15- P: -1
16- Q: -1
17- R: -1
18- S: -1
19- T: -1
20- U: -1
21- V: -1
22- W: 3
23- X: 27
24- Y: 0
25- Z: 63
26-AA: 100
27-AB: 200
28-AC: 5
29-AD: 749
30-AE: 2304
31-AF: -1
32-AG: -1
33-AH: -1
34-AI: -1
35-AJ: -1
36-AK: -1
37-AL: -1
38-AM: -1
39-AN: -1
40-AO: -1
41-AP: -1
42-AQ: -1
43-AR: -1
44-AS: -1
45-AT: -1
46-AU: -1
47-AV: -1
48-AW: -1
49-AX: -1
50-AY: -1
51-AZ: 3
52-BA: 16388
53-BB: 8292
54-BC: 16391
55-BD: 4120
56-BE: 2078
57-BF: 16392
58-BG: 6174
59-BH: 0
60-BI: 0
61-BJ: 0
62-BK: 0
63-BL: 0
64-BM: 0
65-BN: 0
66-BO: 0
67-BP: 0

0- A: 3493
1- B: 3500
2- C: 3462
3- D: 27
4- E: 3500
5- F: 2962
6- G: 878
7- H: 32767
8- I: 3342
9- J: -1
10- K: -1
11- L: -1
12- M: -1
13- N: -1
14- O: -1
15- P: -1
16- Q: -1
17- R: -1
18- S: -1
19- T: -1
20- U: -1
21- V: -1
22- W: 3
23- X: 20
24- Y: 0
25- Z: 63
26-AA: 100
27-AB: 200
28-AC: 5
29-AD: 749
30-AE: 2304
31-AF: -1
32-AG: -1
33-AH: -1
34-AI: -1
35-AJ: -1
36-AK: -1
37-AL: -1
38-AM: -1
39-AN: -1
40-AO: -1
41-AP: -1
42-AQ: -1
43-AR: -1
44-AS: -1
45-AT: -1
46-AU: -1
47-AV: -1
48-AW: -1
49-AX: -1
50-AY: -1
51-AZ: 3
52-BA: 16388
53-BB: 8292
54-BC: 16391
55-BD: 4120
56-BE: 2078
57-BF: 16392
58-BG: 6174
59-BH: 0
60-BI: 0
61-BJ: 0
62-BK: 0
63-BL: 0
64-BM: 0
65-BN: 0
66-BO: 0
67-BP: 0

0- A: 3493
1- B: 3500
2- C: 3462
3- D: 27
4- E: 3500
5- F: 2964
6- G: 881
7- H: 32767
8- I: 3342
9- J: -1
10- K: -1
11- L: -1
12- M: -1
13- N: -1
14- O: -1
15- P: -1
16- Q: -1
17- R: -1
18- S: -1
19- T: -1
20- U: -1
21- V: -1
22- W: 3
23- X: 16
24- Y: 0
25- Z: 63
26-AA: 100
27-AB: 200
28-AC: 5
29-AD: 749
30-AE: 2304
31-AF: -1
32-AG: -1
33-AH: -1
34-AI: -1
35-AJ: -1
36-AK: -1
37-AL: -1
38-AM: -1
39-AN: -1
40-AO: -1
41-AP: -1
42-AQ: -1
43-AR: -1
44-AS: -1
45-AT: -1
46-AU: -1
47-AV: -1
48-AW: -1
49-AX: -1
50-AY: -1
51-AZ: 3
52-BA: 16388
53-BB: 8292
54-BC: 16391
55-BD: 4120
56-BE: 2078
57-BF: 16392
58-BG: 6174
59-BH: 0
60-BI: 0
61-BJ: 0
62-BK: 0
63-BL: 0
64-BM: 0
65-BN: 0
66-BO: 0
67-BP: 0

0- A: 3493
1- B: 3506
2- C: 3443
3- D: 0
4- E: 3500
5- F: 2953
6- G: 866
7- H: 32767
8- I: 3342
9- J: -1
10- K: -1
11- L: -1
12- M: -1
13- N: -1
14- O: -1
15- P: -1
16- Q: -1
17- R: -1
18- S: -1
19- T: -1
20- U: -1
21- V: -1
22- W: 3
23- X: 12
24- Y: 0
25- Z: 63
26-AA: 100
27-AB: 200
28-AC: 5
29-AD: 749
30-AE: 2304
31-AF: -1
32-AG: -1
33-AH: -1
34-AI: -1
35-AJ: -1
36-AK: -1
37-AL: -1
38-AM: -1
39-AN: -1
40-AO: -1
41-AP: -1
42-AQ: -1
43-AR: -1
44-AS: -1
45-AT: -1
46-AU: -1
47-AV: -1
48-AW: -1
49-AX: -1
50-AY: -1
51-AZ: 3
52-BA: 16388
53-BB: 8292
54-BC: 16391
55-BD: 4120
56-BE: 2078
57-BF: 16392
58-BG: 6174
59-BH: 0
60-BI: 0
61-BJ: 0
62-BK: 0
63-BL: 0
64-BM: 0
65-BN: 0
66-BO: 0
67-BP: 0

0- A: 3493
1- B: 3500
2- C: 3506
3- D: 27
4- E: 3500
5- F: 2973
6- G: 893
7- H: 32767
8- I: 3342
9- J: -1
10- K: -1
11- L: -1
12- M: -1
13- N: -1
14- O: -1
15- P: -1
16- Q: -1
17- R: -1
18- S: -1
19- T: -1
20- U: -1
21- V: -1
22- W: 3
23- X: 10
24- Y: 0
25- Z: 63
26-AA: 100
27-AB: 200
28-AC: 5
29-AD: 749
30-AE: 2304
31-AF: -1
32-AG: -1
33-AH: -1
34-AI: -1
35-AJ: -1
36-AK: -1
37-AL: -1
38-AM: -1
39-AN: -1
40-AO: -1
41-AP: -1
42-AQ: -1
43-AR: -1
44-AS: -1
45-AT: -1
46-AU: -1
47-AV: -1
48-AW: -1
49-AX: -1
50-AY: -1
51-AZ: 3
52-BA: 16388
53-BB: 8292
54-BC: 16391
55-BD: 4120
56-BE: 2078
57-BF: 16392
58-BG: 6174
59-BH: 0
60-BI: 0
61-BJ: 0
62-BK: 0
63-BL: 0
64-BM: 0
65-BN: 0
66-BO: 0
67-BP: 0

0- A: 3493
1- B: 3500
2- C: 3481
3- D: 27
4- E: 3500
5- F: 2958
6- G: 873
7- H: 32767
8- I: 3342
9- J: -1
10- K: -1
11- L: -1
12- M: -1
13- N: -1
14- O: -1
15- P: -1
16- Q: -1
17- R: -1
18- S: -1
19- T: -1
20- U: -1
21- V: -1
22- W: 3
23- X: 9
24- Y: 0
25- Z: 63
26-AA: 100
27-AB: 200
28-AC: 5
29-AD: 749
30-AE: 2304
31-AF: -1
32-AG: -1
33-AH: -1
34-AI: -1
35-AJ: -1
36-AK: -1
37-AL: -1
38-AM: -1
39-AN: -1
40-AO: -1
41-AP: -1
42-AQ: -1
43-AR: -1
44-AS: -1
45-AT: -1
46-AU: -1
47-AV: -1
48-AW: -1
49-AX: -1
50-AY: -1
51-AZ: 3
52-BA: 16388
53-BB: 8292
54-BC: 16391
55-BD: 4120
56-BE: 2078
57-BF: 16392
58-BG: 6174
59-BH: 0
60-BI: 0
61-BJ: 0
62-BK: 0
63-BL: 0
64-BM: 0
65-BN: 0
66-BO: 0
67-BP: 0

0- A: 3493
1- B: 3500
2- C: 3456
3- D: 27
4- E: 3500
5- F: 2964
6- G: 881
7- H: 32767
8- I: 3342
9- J: -1
10- K: -1
11- L: -1
12- M: -1
13- N: -1
14- O: -1
15- P: -1
16- Q: -1
17- R: -1
18- S: -1
19- T: -1
20- U: -1
21- V: -1
22- W: 3
23- X: 8
24- Y: 0
25- Z: 63
26-AA: 100
27-AB: 200
28-AC: 5
29-AD: 749
30-AE: 2304
31-AF: -1
32-AG: -1
33-AH: -1
34-AI: -1
35-AJ: -1
36-AK: -1
37-AL: -1
38-AM: -1
39-AN: -1
40-AO: -1
41-AP: -1
42-AQ: -1
43-AR: -1
44-AS: -1
45-AT: -1
46-AU: -1
47-AV: -1
48-AW: -1
49-AX: -1
50-AY: -1
51-AZ: 3
52-BA: 16388
53-BB: 8292
54-BC: 16391
55-BD: 4120
56-BE: 2078
57-BF: 16392
58-BG: 6174
59-BH: 0
60-BI: 0
61-BJ: 0
62-BK: 0
63-BL: 0
64-BM: 0
65-BN: 0
66-BO: 0
67-BP: 0

0- A: 3493
1- B: 3500
2- C: 3481
3- D: 27
4- E: 3500
5- F: 2951
6- G: 863
7- H: 32767
8- I: 3342
9- J: -1
10- K: -1
11- L: -1
12- M: -1
13- N: -1
14- O: -1
15- P: -1
16- Q: -1
17- R: -1
18- S: -1
19- T: -1
20- U: -1
21- V: -1
22- W: 3
23- X: 7
24- Y: 0
25- Z: 63
26-AA: 100
27-AB: 200
28-AC: 5
29-AD: 749
30-AE: 2304
31-AF: -1
32-AG: -1
33-AH: -1
34-AI: -1
35-AJ: -1
36-AK: -1
37-AL: -1
38-AM: -1
39-AN: -1
40-AO: -1
41-AP: -1
42-AQ: -1
43-AR: -1
44-AS: -1
45-AT: -1
46-AU: -1
47-AV: -1
48-AW: -1
49-AX: -1
50-AY: -1
51-AZ: 3
52-BA: 16388
53-BB: 8292
54-BC: 16391
55-BD: 4120
56-BE: 2078
57-BF: 16392
58-BG: 6174
59-BH: 0
60-BI: 0
61-BJ: 0
62-BK: 0
63-BL: 0
64-BM: 0
65-BN: 0
66-BO: 0
67-BP: 0

0- A: 3493
1- B: 3500
2- C: 3475
3- D: 27
4- E: 3500
5- F: 2909
6- G: 807
7- H: 32767
8- I: 3342
9- J: -1
10- K: -1
11- L: -1
12- M: -1
13- N: -1
14- O: -1
15- P: -1
16- Q: -1
17- R: -1
18- S: -1
19- T: -1
20- U: -1
21- V: -1
22- W: 3
23- X: 6
24- Y: 0
25- Z: 63
26-AA: 100
27-AB: 200
28-AC: 5
29-AD: 749
30-AE: 2304
31-AF: -1
32-AG: -1
33-AH: -1
34-AI: -1
35-AJ: -1
36-AK: -1
37-AL: -1
38-AM: -1
39-AN: -1
40-AO: -1
41-AP: -1
42-AQ: -1
43-AR: -1
44-AS: -1
45-AT: -1
46-AU: -1
47-AV: -1
48-AW: -1
49-AX: -1
50-AY: -1
51-AZ: 3
52-BA: 16388
53-BB: 8292
54-BC: 16391
55-BD: 4120
56-BE: 2078
57-BF: 16392
58-BG: 6174
59-BH: 0
60-BI: 0
61-BJ: 0
62-BK: 0
63-BL: 0
64-BM: 0
65-BN: 0
66-BO: 0
67-BP: 0

0- A: 3493
1- B: 3500
2- C: 3468
3- D: 27
4- E: 3500
5- F: 2930
6- G: 835
7- H: 32767
8- I: 3342
9- J: -1
10- K: -1
11- L: -1
12- M: -1
13- N: -1
14- O: -1
15- P: -1
16- Q: -1
17- R: -1
18- S: -1
19- T: -1
20- U: -1
21- V: -1
22- W: 3
23- X: 4
24- Y: 0
25- Z: 63
26-AA: 100
27-AB: 200
28-AC: 5
29-AD: 749
30-AE: 2304
31-AF: -1
32-AG: -1
33-AH: -1
34-AI: -1
35-AJ: -1
36-AK: -1
37-AL: -1
38-AM: -1
39-AN: -1
40-AO: -1
41-AP: -1
42-AQ: -1
43-AR: -1
44-AS: -1
45-AT: -1
46-AU: -1
47-AV: -1
48-AW: -1
49-AX: -1
50-AY: -1
51-AZ: 3
52-BA: 16388
53-BB: 8292
54-BC: 16391
55-BD: 4120
56-BE: 2078
57-BF: 16392
58-BG: 6174
59-BH: 0
60-BI: 0
61-BJ: 0
62-BK: 0
63-BL: 0
64-BM: 0
65-BN: 0
66-BO: 0
67-BP: 0

0- A: 3493
1- B: 3500
2- C: 3450
3- D: 27
4- E: 3500
5- F: 2917
6- G: 818
7- H: 32767
8- I: 3342
9- J: -1
10- K: -1
11- L: -1
12- M: -1
13- N: -1
14- O: -1
15- P: -1
16- Q: -1
17- R: -1
18- S: -1
19- T: -1
20- U: -1
21- V: -1
22- W: 3
23- X: 2
24- Y: 0
25- Z: 63
26-AA: 100
27-AB: 200
28-AC: 5
29-AD: 749
30-AE: 2304
31-AF: -1
32-AG: -1
33-AH: -1
34-AI: -1
35-AJ: -1
36-AK: -1
37-AL: -1
38-AM: -1
39-AN: -1
40-AO: -1
41-AP: -1
42-AQ: -1
43-AR: -1
44-AS: -1
45-AT: -1
46-AU: -1
47-AV: -1
48-AW: -1
49-AX: -1
50-AY: -1
51-AZ: 3
52-BA: 16388
53-BB: 8292
54-BC: 16391
55-BD: 4120
56-BE: 2078
57-BF: 16392
58-BG: 6174
59-BH: 0
60-BI: 0
61-BJ: 0
62-BK: 0
63-BL: 0
64-BM: 0
65-BN: 0
66-BO: 0
67-BP: 0

0- A: 3487
1- B: 3500
2- C: 3500
3- D: 27
4- E: 3500
5- F: 2925
6- G: 829
7- H: 32767
8- I: 3342
9- J: -1
10- K: -1
11- L: -1
12- M: -1
13- N: -1
14- O: -1
15- P: -1
16- Q: -1
17- R: -1
18- S: -1
19- T: -1
20- U: -1
21- V: -1
22- W: 3
23- X: 2
24- Y: 0
25- Z: 63
26-AA: 100
27-AB: 200
28-AC: 5
29-AD: 749
30-AE: 2304
31-AF: -1
32-AG: -1
33-AH: -1
34-AI: -1
35-AJ: -1
36-AK: -1
37-AL: -1
38-AM: -1
39-AN: -1
40-AO: -1
41-AP: -1
42-AQ: -1
43-AR: -1
44-AS: -1
45-AT: -1
46-AU: -1
47-AV: -1
48-AW: -1
49-AX: -1
50-AY: -1
51-AZ: 3
52-BA: 16388
53-BB: 8292
54-BC: 16391
55-BD: 4120
56-BE: 2078
57-BF: 16392
58-BG: 6174
59-BH: 0
60-BI: 0
61-BJ: 0
62-BK: 0
63-BL: 0
64-BM: 0
65-BN: 0
66-BO: 0
67-BP: 0

0- A: 3493
1- B: 3500
2- C: 3506
3- D: 27
4- E: 3500
5- F: 2930
6- G: 835
7- H: 32767
8- I: 3342
9- J: -1
10- K: -1
11- L: -1
12- M: -1
13- N: -1
14- O: -1
15- P: -1
16- Q: -1
17- R: -1
18- S: -1
19- T: -1
20- U: -1
21- V: -1
22- W: 3
23- X: 1
24- Y: 0
25- Z: 63
26-AA: 100
27-AB: 200
28-AC: 5
29-AD: 749
30-AE: 2304
31-AF: -1
32-AG: -1
33-AH: -1
34-AI: -1
35-AJ: -1
36-AK: -1
37-AL: -1
38-AM: -1
39-AN: -1
40-AO: -1
41-AP: -1
42-AQ: -1
43-AR: -1
44-AS: -1
45-AT: -1
46-AU: -1
47-AV: -1
48-AW: -1
49-AX: -1
50-AY: -1
51-AZ: 3
52-BA: 16388
53-BB: 8292
54-BC: 16391
55-BD: 4120
56-BE: 2078
57-BF: 16392
58-BG: 6174
59-BH: 0
60-BI: 0
61-BJ: 0
62-BK: 0
63-BL: 0
64-BM: 0
65-BN: 0
66-BO: 0
67-BP: 0

0- A: 3487
1- B: 3500
2- C: 3475
3- D: 27
4- E: 3500
5- F: 2928
6- G: 833
7- H: 32767
8- I: 3342
9- J: -1
10- K: -1
11- L: -1
12- M: -1
13- N: -1
14- O: -1
15- P: -1
16- Q: -1
17- R: -1
18- S: -1
19- T: -1
20- U: -1
21- V: -1
22- W: 3
23- X: 1
24- Y: 0
25- Z: 63
26-AA: 100
27-AB: 200
28-AC: 5
29-AD: 749
30-AE: 2304
31-AF: -1
32-AG: -1
33-AH: -1
34-AI: -1
35-AJ: -1
36-AK: -1
37-AL: -1
38-AM: -1
39-AN: -1
40-AO: -1
41-AP: -1
42-AQ: -1
43-AR: -1
44-AS: -1
45-AT: -1
46-AU: -1
47-AV: -1
48-AW: -1
49-AX: -1
50-AY: -1
51-AZ: 3
52-BA: 16388
53-BB: 8292
54-BC: 16391
55-BD: 4120
56-BE: 2078
57-BF: 16392
58-BG: 6174
59-BH: 0
60-BI: 0
61-BJ: 0
62-BK: 0
63-BL: 0
64-BM: 0
65-BN: 0
66-BO: 0
67-BP: 0

0- A: 3493
1- B: 3500
2- C: 3487
3- D: 27
4- E: 3500
5- F: 2924
6- G: 827
7- H: 32767
8- I: 3342
9- J: -1
10- K: -1
11- L: -1
12- M: -1
13- N: -1
14- O: -1
15- P: -1
16- Q: -1
17- R: -1
18- S: -1
19- T: -1
20- U: -1
21- V: -1
22- W: 4
23- X: 0
24- Y: 0
25- Z: 63
26-AA: 100
27-AB: 200
28-AC: 5
29-AD: 749
30-AE: 2304
31-AF: -1
32-AG: -1
33-AH: -1
34-AI: -1
35-AJ: -1
36-AK: -1
37-AL: -1
38-AM: -1
39-AN: -1
40-AO: -1
41-AP: -1
42-AQ: -1
43-AR: -1
44-AS: -1
45-AT: -1
46-AU: -1
47-AV: -1
48-AW: -1
49-AX: -1
50-AY: -1
51-AZ: 3
52-BA: 16388
53-BB: 8292
54-BC: 16391
55-BD: 4120
56-BE: 2078
57-BF: 16392
58-BG: 6174
59-BH: 0
60-BI: 0
61-BJ: 0
62-BK: 0
63-BL: 0
64-BM: 0
65-BN: 0
66-BO: 0
67-BP: 0

0- A: 3493
1- B: 3500
2- C: 3425
3- D: 27
4- E: 3500
5- F: 2922
6- G: 825
7- H: 32767
8- I: 3342
9- J: -1
10- K: -1
11- L: -1
12- M: -1
13- N: -1
14- O: -1
15- P: -1
16- Q: -1
17- R: -1
18- S: -1
19- T: -1
20- U: -1
21- V: -1
22- W: 4
23- X: 30
24- Y: 0
25- Z: 63
26-AA: 100
27-AB: 200
28-AC: 5
29-AD: 749
30-AE: 2304
31-AF: -1
32-AG: -1
33-AH: -1
34-AI: -1
35-AJ: -1
36-AK: -1
37-AL: -1
38-AM: -1
39-AN: -1
40-AO: -1
41-AP: -1
42-AQ: -1
43-AR: -1
44-AS: -1
45-AT: -1
46-AU: -1
47-AV: -1
48-AW: -1
49-AX: -1
50-AY: -1
51-AZ: 3
52-BA: 16388
53-BB: 8292
54-BC: 16391
55-BD: 4120
56-BE: 2078
57-BF: 16392
58-BG: 6174
59-BH: 0
60-BI: 0
61-BJ: 0
62-BK: 0
63-BL: 0
64-BM: 0
65-BN: 0
66-BO: 0
67-BP: 0

1

-1

0- A: 3493
1- B: 3500
2- C: 3443
3- D: 27
4- E: 3500
5- F: 2925
6- G: 829
7- H: 32767
8- I: 3342
9- J: -1
10- K: -1
11- L: -1
12- M: -1
13- N: -1
14- O: -1
15- P: -1
16- Q: -1
17- R: -1
18- S: -1
19- T: -1
20- U: -1
21- V: -1
22- W: 4
23- X: 1
24- Y: 0
25- Z: 63
26-AA: 100
27-AB: 200
28-AC: 5
29-AD: 749
30-AE: 2304
31-AF: -1
32-AG: -1
33-AH: -1
34-AI: -1
35-AJ: -1
36-AK: -1
37-AL: -1
38-AM: -1
39-AN: -1
40-AO: -1
41-AP: -1
42-AQ: -1
43-AR: -1
44-AS: -1
45-AT: -1
46-AU: -1
47-AV: -1
48-AW: -1
49-AX: -1
50-AY: -1
51-AZ: 3
52-BA: 16388
53-BB: 8292
54-BC: 16391
55-BD: 4120
56-BE: 2078
57-BF: 16392
58-BG: 6174
59-BH: 0
60-BI: 0
61-BJ: 0
62-BK: 0
63-BL: 0
64-BM: 0
65-BN: 0
66-BO: 0
67-BP: 0

1


0- A: 3487
1- B: 3493
2- C: 3462
3- D: 27
4- E: 3500
5- F: 2871
6- G: 757
7- H: 32767
8- I: 3342
9- J: -1
10- K: -1
11- L: -1
12- M: -1
13- N: -1
14- O: -1
15- P: -1
16- Q: -1
17- R: -1
18- S: -1
19- T: -1
20- U: -1
21- V: -1
22- W: 6
23- X: 0
24- Y: 0
25- Z: 63
26-AA: 100
27-AB: 200
28-AC: 5
29-AD: 749
30-AE: 2304
31-AF: -1
32-AG: -1
33-AH: -1
34-AI: -1
35-AJ: -1
36-AK: -1
37-AL: -1
38-AM: -1
39-AN: -1
40-AO: -1
41-AP: -1
42-AQ: -1
43-AR: -1
44-AS: -1
45-AT: -1
46-AU: -1
47-AV: -1
48-AW: -1
49-AX: -1
50-AY: -1
51-AZ: 8
52-BA: 16388
53-BB: 8292
54-BC: 16391
55-BD: 4120
56-BE: 2078
57-BF: 16392
58-BG: 6174
59-BH: 0
60-BI: 0
61-BJ: 0
62-BK: 0
63-BL: 0
64-BM: 0
65-BN: 0
66-BO: 0
67-BP: 0

0- A: 3481
1- B: 3493
2- C: 3400
3- D: 27
4- E: 3500
5- F: 2710
6- G: 542
7- H: 32767
8- I: 3342
9- J: -1
10- K: -1
11- L: -1
12- M: -1
13- N: -1
14- O: -1
15- P: -1
16- Q: -1
17- R: -1
18- S: -1
19- T: -1
20- U: -1
21- V: -1
22- W: 15
23- X: 0
24- Y: 0
25- Z: 63
26-AA: 100
27-AB: 200
28-AC: 5
29-AD: 749
30-AE: 2304
31-AF: -1
32-AG: -1
33-AH: -1
34-AI: -1
35-AJ: -1
36-AK: -1
37-AL: -1
38-AM: -1
39-AN: -1
40-AO: -1
41-AP: -1
42-AQ: -1
43-AR: -1
44-AS: -1
45-AT: -1
46-AU: -1
47-AV: -1
48-AW: -1
49-AX: -1
50-AY: -1
51-AZ: 8
52-BA: 16388
53-BB: 8292
54-BC: 16391
55-BD: 4120
56-BE: 2078
57-BF: 16392
58-BG: 6174
59-BH: 0
60-BI: 0
61-BJ: 0
62-BK: 0
63-BL: 0
64-BM: 0
65-BN: 0
66-BO: 0
67-BP: 0

0- A: 3481
1- B: 3487
2- C: 3387
3- D: 47
4- E: 3500
5- F: 2715
6- G: 548
7- H: 32767
8- I: 3342
9- J: -1
10- K: -1
11- L: -1
12- M: -1
13- N: -1
14- O: -1
15- P: -1
16- Q: -1
17- R: -1
18- S: -1
19- T: -1
20- U: -1
21- V: -1
22- W: 3
23- X: 1439
24- Y: 0
25- Z: 63
26-AA: 100
27-AB: 200
28-AC: 5
29-AD: 749
30-AE: 2304
31-AF: -1
32-AG: -1
33-AH: -1
34-AI: -1
35-AJ: -1
36-AK: -1
37-AL: -1
38-AM: -1
39-AN: -1
40-AO: -1
41-AP: -1
42-AQ: -1
43-AR: -1
44-AS: -1
45-AT: -1
46-AU: -1
47-AV: -1
48-AW: -1
49-AX: -1
50-AY: -1
51-AZ: 7
52-BA: 16388
53-BB: 8292
54-BC: 16391
55-BD: 4120
56-BE: 2078
57-BF: 16392
58-BG: 6174
59-BH: 0
60-BI: 0
61-BJ: 0
62-BK: 0
63-BL: 0
64-BM: 0
65-BN: 0
66-BO: 0
67-BP: 0

4

1

8


3462

3462

3462

3462

3456

3450

3450

3456

3450

3450

0- A: 3443
1- B: 3431
2- C: 3393
3- D: 75
4- E: 3500
5- F: 2680
6- G: 502
7- H: 32767
8- I: 3342
9- J: -1
10- K: -1
11- L: -1
12- M: -1
13- N: -1
14- O: -1
15- P: -1
16- Q: -1
17- R: -1
18- S: -1
19- T: -1
20- U: -1
21- V: -1
22- W: 4
23- X: 1437
24- Y: 0
25- Z: 63
26-AA: 100
27-AB: 200
28-AC: 5
29-AD: 749
30-AE: 2304
31-AF: -1
32-AG: -1
33-AH: -1
34-AI: -1
35-AJ: -1
36-AK: -1
37-AL: -1
38-AM: -1
39-AN: -1
40-AO: -1
41-AP: -1
42-AQ: -1
43-AR: -1
44-AS: -1
45-AT: -1
46-AU: -1
47-AV: -1
48-AW: -1
49-AX: -1
50-AY: -1
51-AZ: 8
52-BA: 16388
53-BB: 8292
54-BC: 16391
55-BD: 4120
56-BE: 2078
57-BF: 16392
58-BG: 6174
59-BH: 0
60-BI: 0
61-BJ: 0
62-BK: 0
63-BL: 0
64-BM: 0
65-BN: 0
66-BO: 0
67-BP: 0

0- A: 3437
1- B: 3387
2- C: 3368
3- D: 75
4- E: 3500
5- F: 2631
6- G: 436
7- H: 32767
8- I: 3342
9- J: -1
10- K: -1
11- L: -1
12- M: -1
13- N: -1
14- O: -1
15- P: -1
16- Q: -1
17- R: -1
18- S: -1
19- T: -1
20- U: -1
21- V: -1
22- W: 4
23- X: 1436
24- Y: 0
25- Z: 63
26-AA: 100
27-AB: 200
28-AC: 5
29-AD: 749
30-AE: 2304
31-AF: -1
32-AG: -1
33-AH: -1
34-AI: -1
35-AJ: -1
36-AK: -1
37-AL: -1
38-AM: -1
39-AN: -1
40-AO: -1
41-AP: -1
42-AQ: -1
43-AR: -1
44-AS: -1
45-AT: -1
46-AU: -1
47-AV: -1
48-AW: -1
49-AX: -1
50-AY: -1
51-AZ: 8
52-BA: 16388
53-BB: 8292
54-BC: 16391
55-BD: 4120
56-BE: 2078
57-BF: 16392
58-BG: 6174
59-BH: 0
60-BI: 0
61-BJ: 0
62-BK: 0
63-BL: 0
64-BM: 0
65-BN: 0
66-BO: 0
67-BP: 0

3431

3343

4

Current weight
2601 = 396g
2597 = 391g
2600 = 395g
2599 = 393g
2601 = 396g
2602 = 397g
2601 = 396g
2599 = 393g
2602 = 397g
2602 = 397g

0- A: 3412
1- B: 3281
2- C: 3318
3- D: 75
4- E: 3500
5- F: 2563
6- G: 345
7- H: 32767
8- I: 3342
9- J: -1
10- K: -1
11- L: -1
12- M: -1
13- N: -1
14- O: -1
15- P: -1
16- Q: -1
17- R: -1
18- S: -1
19- T: -1
20- U: -1
21- V: -1
22- W: 4
23- X: 1434
24- Y: 0
25- Z: 63
26-AA: 100
27-AB: 200
28-AC: 5
29-AD: 749
30-AE: 2304
31-AF: -1
32-AG: -1
33-AH: -1
34-AI: -1
35-AJ: -1
36-AK: -1
37-AL: -1
38-AM: -1
39-AN: -1
40-AO: -1
41-AP: -1
42-AQ: -1
43-AR: -1
44-AS: -1
45-AT: -1
46-AU: -1
47-AV: -1
48-AW: -1
49-AX: -1
50-AY: -1
51-AZ: 8
52-BA: 16388
53-BB: 8292
54-BC: 16391
55-BD: 4120
56-BE: 2078
57-BF: 16392
58-BG: 6174
59-BH: 0
60-BI: 0
61-BJ: 0
62-BK: 0
63-BL: 0
64-BM: 0
65-BN: 0
66-BO: 0
67-BP: 0

0- A: 3412
1- B: 3262
2- C: 3318
3- D: 75
4- E: 3500
5- F: 2559
6- G: 340
7- H: 32767
8- I: 3342
9- J: -1
10- K: -1
11- L: -1
12- M: -1
13- N: -1
14- O: -1
15- P: -1
16- Q: -1
17- R: -1
18- S: -1
19- T: -1
20- U: -1
21- V: -1
22- W: 4
23- X: 1434
24- Y: 0
25- Z: 63
26-AA: 100
27-AB: 200
28-AC: 5
29-AD: 749
30-AE: 2304
31-AF: -1
32-AG: -1
33-AH: -1
34-AI: -1
35-AJ: -1
36-AK: -1
37-AL: -1
38-AM: -1
39-AN: -1
40-AO: -1
41-AP: -1
42-AQ: -1
43-AR: -1
44-AS: -1
45-AT: -1
46-AU: -1
47-AV: -1
48-AW: -1
49-AX: -1
50-AY: -1
51-AZ: 8
52-BA: 16388
53-BB: 8292
54-BC: 16391
55-BD: 4120
56-BE: 2078
57-BF: 16392
58-BG: 6174
59-BH: 0
60-BI: 0
61-BJ: 0
62-BK: 0
63-BL: 0
64-BM: 0
65-BN: 0
66-BO: 0
67-BP: 0

0- A: 3412
1- B: 3262
2- C: 3318
3- D: 75
4- E: 3500
5- F: 2555
6- G: 335
7- H: 32767
8- I: 3342
9- J: -1
10- K: -1
11- L: -1
12- M: -1
13- N: -1
14- O: -1
15- P: -1
16- Q: -1
17- R: -1
18- S: -1
19- T: -1
20- U: -1
21- V: -1
22- W: 4
23- X: 1434
24- Y: 0
25- Z: 63
26-AA: 100
27-AB: 200
28-AC: 5
29-AD: 749
30-AE: 2304
31-AF: -1
32-AG: -1
33-AH: -1
34-AI: -1
35-AJ: -1
36-AK: -1
37-AL: -1
38-AM: -1
39-AN: -1
40-AO: -1
41-AP: -1
42-AQ: -1
43-AR: -1
44-AS: -1
45-AT: -1
46-AU: -1
47-AV: -1
48-AW: -1
49-AX: -1
50-AY: -1
51-AZ: 8
52-BA: 16388
53-BB: 8292
54-BC: 16391
55-BD: 4120
56-BE: 2078
57-BF: 16392
58-BG: 6174
59-BH: 0
60-BI: 0
61-BJ: 0
62-BK: 0
63-BL: 0
64-BM: 0
65-BN: 0
66-BO: 0
67-BP: 0

0- A: 3412
1- B: 3262
2- C: 3325
3- D: 75
4- E: 3500
5- F: 2551
6- G: 329
7- H: 32767
8- I: 3342
9- J: -1
10- K: -1
11- L: -1
12- M: -1
13- N: -1
14- O: -1
15- P: -1
16- Q: -1
17- R: -1
18- S: -1
19- T: -1
20- U: -1
21- V: -1
22- W: 4
23- X: 1434
24- Y: 0
25- Z: 63
26-AA: 100
27-AB: 200
28-AC: 5
29-AD: 749
30-AE: 2304
31-AF: -1
32-AG: -1
33-AH: -1
34-AI: -1
35-AJ: -1
36-AK: -1
37-AL: -1
38-AM: -1
39-AN: -1
40-AO: -1
41-AP: -1
42-AQ: -1
43-AR: -1
44-AS: -1
45-AT: -1
46-AU: -1
47-AV: -1
48-AW: -1
49-AX: -1
50-AY: -1
51-AZ: 8
52-BA: 16388
53-BB: 8292
54-BC: 16391
55-BD: 4120
56-BE: 2078
57-BF: 16392
58-BG: 6174
59-BH: 0
60-BI: 0
61-BJ: 0
62-BK: 0
63-BL: 0
64-BM: 0
65-BN: 0
66-BO: 0
67-BP: 0

0- A: 3387
1- B: 3168
2- C: 3306
3- D: 75
4- E: 3500
5- F: 2499
6- G: 260
7- H: 32767
8- I: 3342
9- J: -1
10- K: -1
11- L: -1
12- M: -1
13- N: -1
14- O: -1
15- P: -1
16- Q: -1
17- R: -1
18- S: -1
19- T: -1
20- U: -1
21- V: -1
22- W: 4
23- X: 1432
24- Y: 0
25- Z: 63
26-AA: 100
27-AB: 200
28-AC: 5
29-AD: 749
30-AE: 2304
31-AF: -1
32-AG: -1
33-AH: -1
34-AI: -1
35-AJ: -1
36-AK: -1
37-AL: -1
38-AM: -1
39-AN: -1
40-AO: -1
41-AP: -1
42-AQ: -1
43-AR: -1
44-AS: -1
45-AT: -1
46-AU: -1
47-AV: -1
48-AW: -1
49-AX: -1
50-AY: -1
51-AZ: 8
52-BA: 16388
53-BB: 8292
54-BC: 16391
55-BD: 4120
56-BE: 2078
57-BF: 16392
58-BG: 6174
59-BH: 0
60-BI: 0
61-BJ: 0
62-BK: 0
63-BL: 0
64-BM: 0
65-BN: 0
66-BO: 0
67-BP: 0

4

6

7

8

8

8

9

