0- A: 2237
1- B: 2231
2- C: 2393
3- D: 100
4- E: 3000
5- F: -1357
6- G: 1293
7- H: -1
8- I: -2435
9- J: 0
10- K: 0
11- L: 0
12- M: 0
13- N: 0
14- O: 0
15- P: 0
16- Q: -1
17- R: -1
18- S: -1
19- T: -1
20- U: -1
21- V: -1
22- W: 2
23- X: 1429
24- Y: 128
25- Z: 63
26-AA: 60
27-AB: 30
28-AC: 5
29-AD: 1511
30-AE: -3311
31-AF: -1
32-AG: -1
33-AH: -1
34-AI: -1
35-AJ: -1
36-AK: -1
37-AL: -1
38-AM: -1
39-AN: -1
40-AO: -1
41-AP: -1
42-AQ: -1
43-AR: -1
44-AS: -1
45-AT: -1
46-AU: -1
47-AV: -1
48-AW: -1
49-AX: -1
50-AY: -1
51-AZ: 0
52-BA: 16387
53-BB: 4120
54-BC: 8292
55-BD: 2078
56-BE: 16388
57-BF: 6174
58-BG: 16395
59-BH: 8292
60-BI: 0
61-BJ: 0
62-BK: 0
63-BL: 0
64-BM: 0
65-BN: 0
66-BO: 0
67-BP: 0

0- A: 2237
1- B: 2231
2- C: 2393
3- D: 100
4- E: 3000
5- F: 4160
6- G: 4944
7- H: -1
8- I: -2435
9- J: 0
10- K: 0
11- L: 0
12- M: 0
13- N: 0
14- O: 0
15- P: 0
16- Q: -1
17- R: -1
18- S: -1
19- T: -1
20- U: -1
21- V: -1
22- W: 2
23- X: 1429
24- Y: 128
25- Z: 63
26-AA: 60
27-AB: 30
28-AC: 5
29-AD: 1511
30-AE: -3311
31-AF: -1
32-AG: -1
33-AH: -1
34-AI: -1
35-AJ: -1
36-AK: -1
37-AL: -1
38-AM: -1
39-AN: -1
40-AO: -1
41-AP: -1
42-AQ: -1
43-AR: -1
44-AS: -1
45-AT: -1
46-AU: -1
47-AV: -1
48-AW: -1
49-AX: -1
50-AY: -1
51-AZ: 0
52-BA: 16387
53-BB: 4120
54-BC: 8292
55-BD: 2078
56-BE: 16388
57-BF: 6174
58-BG: 16395
59-BH: 8292
60-BI: 0
61-BJ: 0
62-BK: 0
63-BL: 0
64-BM: 0
65-BN: 0
66-BO: 0
67-BP: 0

8


4


8

0- A: 2250
1- B: 2068
2- C: 2450
3- D: 100
4- E: 3000
5- F: 1698
6- G: 3315
7- H: -1
8- I: -2435
9- J: 0
10- K: 0
11- L: 0
12- M: 0
13- N: 0
14- O: 0
15- P: 0
16- Q: -1
17- R: -1
18- S: -1
19- T: -1
20- U: -1
21- V: -1
22- W: 2
23- X: 1429
24- Y: 128
25- Z: 63
26-AA: 60
27-AB: 30
28-AC: 5
29-AD: 1511
30-AE: -3311
31-AF: -1
32-AG: -1
33-AH: -1
34-AI: -1
35-AJ: -1
36-AK: -1
37-AL: -1
38-AM: -1
39-AN: -1
40-AO: -1
41-AP: -1
42-AQ: -1
43-AR: -1
44-AS: -1
45-AT: -1
46-AU: -1
47-AV: -1
48-AW: -1
49-AX: -1
50-AY: -1
51-AZ: 8
52-BA: 16387
53-BB: 4120
54-BC: 8292
55-BD: 2078
56-BE: 16388
57-BF: 6174
58-BG: 16395
59-BH: 8292
60-BI: 0
61-BJ: 0
62-BK: 0
63-BL: 0
64-BM: 0
65-BN: 0
66-BO: 0
67-BP: 0




-1

0- A: 2287
1- B: 2087
2- C: 2568
3- D: 100
4- E: 3000
5- F: 594
6- G: 2584
7- H: -1
8- I: -2435
9- J: 0
10- K: 0
11- L: 0
12- M: 0
13- N: 0
14- O: 0
15- P: 0
16- Q: -1
17- R: -1
18- S: -1
19- T: -1
20- U: -1
21- V: -1
22- W: 2
23- X: 1429
24- Y: 128
25- Z: 63
26-AA: 60
27-AB: 30
28-AC: 5
29-AD: 1511
30-AE: -3311
31-AF: -1
32-AG: -1
33-AH: -1
34-AI: -1
35-AJ: -1
36-AK: -1
37-AL: -1
38-AM: -1
39-AN: -1
40-AO: -1
41-AP: -1
42-AQ: -1
43-AR: -1
44-AS: -1
45-AT: -1
46-AU: -1
47-AV: -1
48-AW: -1
49-AX: -1
50-AY: -1
51-AZ: 8
52-BA: 16387
53-BB: 4120
54-BC: 8292
55-BD: 2078
56-BE: 16388
57-BF: 6174
58-BG: 16395
59-BH: 8292
60-BI: 0
61-BJ: 0
62-BK: 0
63-BL: 0
64-BM: 0
65-BN: 0
66-BO: 0
67-BP: 0

Current weight
537 = 2546g
539 = 2547g
537 = 2546g
538 = 2547g
539 = 2547g
540 = 2548g
539 = 2547g
537 = 2546g
536 = 2545g
540 = 2548g

Current weight
536 = 2545g
538 = 2547g
533 = 2544g
534 = 2544g
537 = 2546g
538 = 2547g
536 = 2545g
535 = 2545g
535 = 2545g
534 = 2544g

Current weight
485 = 2512g
485 = 2512g
485 = 2512g
484 = 2511g
489 = 2514g
489 = 2514g
485 = 2512g
487 = 2513g
487 = 2513g
488 = 2514g

Current weight
484 = 2511g
477 = 2506g
478 = 2507g
482 = 2510g
482 = 2510g
479 = 2508g
481 = 2509g
479 = 2508g
479 = 2508g
477 = 2506g

Current weight
480 = 2508g
478 = 2507g
478 = 2507g
477 = 2506g
477 = 2506g
475 = 2505g
478 = 2507g
476 = 2506g
473 = 2504g
474 = 2504g

Current weight
474 = 2504g
472 = 2503g
472 = 2503g
475 = 2505g
474 = 2504g
475 = 2505g
473 = 2504g
470 = 2502g
469 = 2501g
471 = 2502g

Current weight
438 = 2481g
438 = 2481g
434 = 2478g
436 = 2479g
436 = 2479g
436 = 2479g
434 = 2478g
436 = 2479g
436 = 2479g
437 = 2480g

Current weight
429 = 2475g
432 = 2477g
431 = 2476g
431 = 2476g
428 = 2474g
425 = 2472g
427 = 2473g
428 = 2474g
425 = 2472g
430 = 2475g

Current weight
424 = 2471g
421 = 2469g
421 = 2469g
423 = 2471g
424 = 2471g
424 = 2471g
421 = 2469g
422 = 2470g
427 = 2473g
423 = 2471g

Current weight
423 = 2471g
417 = 2467g
417 = 2467g
419 = 2468g
419 = 2468g
418 = 2467g
417 = 2467g
418 = 2467g
421 = 2469g
417 = 2467g

Current weight
357 = 2427g
354 = 2425g
349 = 2422g
353 = 2424g
352 = 2424g
351 = 2423g
356 = 2426g
353 = 2424g
349 = 2422g
352 = 2424g

Current weight
348 = 2421g
349 = 2422g
350 = 2422g
343 = 2418g
348 = 2421g
351 = 2423g
348 = 2421g
344 = 2418g
343 = 2418g
348 = 2421g

Current weight
-667 = 1749g
-669 = 1748g
-676 = 1743g
-662 = 1753g
-666 = 1750g
-669 = 1748g
-668 = 1749g
-667 = 1749g
-669 = 1748g
-669 = 1748g

0

Weight help
(we) Empty (tare)
(wk) Empty + 1kg
(wh) Filled level
(wt) Test

-682

738

358

2250



16388
8292
16384
16381

0- A: 2250
1- B: 2050
2- C: 2675
3- D: 100
4- E: 3000
5- F: -549
6- G: 93
7- H: -1
8- I: 358
9- J: 0
10- K: 0
11- L: 0
12- M: 0
13- N: 0
14- O: 0
15- P: 0
16- Q: -1
17- R: -1
18- S: -1
19- T: -1
20- U: -1
21- V: -1
22- W: 5
23- X: 1426
24- Y: 0
25- Z: 63
26-AA: 60
27-AB: 30
28-AC: 5
29-AD: 1420
30-AE: -682
31-AF: -1
32-AG: -1
33-AH: -1
34-AI: -1
35-AJ: -1
36-AK: -1
37-AL: -1
38-AM: -1
39-AN: -1
40-AO: -1
41-AP: -1
42-AQ: -1
43-AR: -1
44-AS: -1
45-AT: -1
46-AU: -1
47-AV: -1
48-AW: -1
49-AX: -1
50-AY: -1
51-AZ: 4
52-BA: 16388
53-BB: 8292
54-BC: 16384
55-BD: 16381
56-BE: 16388
57-BF: 6174
58-BG: 16395
59-BH: 8292
60-BI: 0
61-BJ: 0
62-BK: 0
63-BL: 0
64-BM: 0
65-BN: 0
66-BO: 0
67-BP: 0

4120
16384
2078
16392
6174

0- A: 2250
1- B: 2056
2- C: 2681
3- D: 100
4- E: 3000
5- F: -543
6- G: 97
7- H: -1
8- I: 358
9- J: 0
10- K: 0
11- L: 0
12- M: 0
13- N: 0
14- O: 0
15- P: 0
16- Q: -1
17- R: -1
18- S: -1
19- T: -1
20- U: -1
21- V: -1
22- W: 8
23- X: 1426
24- Y: 0
25- Z: 63
26-AA: 60
27-AB: 30
28-AC: 5
29-AD: 1420
30-AE: -682
31-AF: -1
32-AG: -1
33-AH: -1
34-AI: -1
35-AJ: -1
36-AK: -1
37-AL: -1
38-AM: -1
39-AN: -1
40-AO: -1
41-AP: -1
42-AQ: -1
43-AR: -1
44-AS: -1
45-AT: -1
46-AU: -1
47-AV: -1
48-AW: -1
49-AX: -1
50-AY: -1
51-AZ: 8
52-BA: 16388
53-BB: 8292
54-BC: 16384
55-BD: 16381
56-BE: 4120
57-BF: 16384
58-BG: 2078
59-BH: 16392
60-BI: 6174
61-BJ: 0
62-BK: 0
63-BL: 0
64-BM: 0
65-BN: 0
66-BO: 0
67-BP: 0

9

0

1

1

Current weight
-557 = 88g
-553 = 90g
-552 = 91g
-554 = 90g
-554 = 90g
-555 = 89g
-552 = 91g
-552 = 91g
-554 = 90g
-552 = 91g

0- A: 2250
1- B: 2050
2- C: 2781
3- D: 100
4- E: 3000
5- F: -549
6- G: 93
7- H: -1
8- I: 358
9- J: 0
10- K: 0
11- L: 0
12- M: 0
13- N: 0
14- O: 0
15- P: 0
16- Q: -1
17- R: -1
18- S: -1
19- T: -1
20- U: -1
21- V: -1
22- W: 1
23- X: 1426
24- Y: 0
25- Z: 63
26-AA: 60
27-AB: 30
28-AC: 5
29-AD: 1420
30-AE: -682
31-AF: -1
32-AG: -1
33-AH: -1
34-AI: -1
35-AJ: -1
36-AK: -1
37-AL: -1
38-AM: -1
39-AN: -1
40-AO: -1
41-AP: -1
42-AQ: -1
43-AR: -1
44-AS: -1
45-AT: -1
46-AU: -1
47-AV: -1
48-AW: -1
49-AX: -1
50-AY: -1
51-AZ: 4
52-BA: 16388
53-BB: 8292
54-BC: 16384
55-BD: 16381
56-BE: 4120
57-BF: 16384
58-BG: 2078
59-BH: 16392
60-BI: 6174
61-BJ: 0
62-BK: 0
63-BL: 0
64-BM: 0
65-BN: 0
66-BO: 0
67-BP: 0

3500

0- A: 2256
1- B: 2056
2- C: 2781
3- D: 100
4- E: 3500
5- F: -555
6- G: 89
7- H: -1
8- I: 358
9- J: 0
10- K: 0
11- L: 0
12- M: 0
13- N: 0
14- O: 0
15- P: 0
16- Q: -1
17- R: -1
18- S: -1
19- T: -1
20- U: -1
21- V: -1
22- W: 1
23- X: 1426
24- Y: 0
25- Z: 63
26-AA: 60
27-AB: 30
28-AC: 5
29-AD: 1420
30-AE: -682
31-AF: -1
32-AG: -1
33-AH: -1
34-AI: -1
35-AJ: -1
36-AK: -1
37-AL: -1
38-AM: -1
39-AN: -1
40-AO: -1
41-AP: -1
42-AQ: -1
43-AR: -1
44-AS: -1
45-AT: -1
46-AU: -1
47-AV: -1
48-AW: -1
49-AX: -1
50-AY: -1
51-AZ: 4
52-BA: 16388
53-BB: 8292
54-BC: 16384
55-BD: 16381
56-BE: 4120
57-BF: 16384
58-BG: 2078
59-BH: 16392
60-BI: 6174
61-BJ: 0
62-BK: 0
63-BL: 0
64-BM: 0
65-BN: 0
66-BO: 0
67-BP: 0

90

200

5

1

1

1

Current weight
-515 = 117g
-515 = 117g
-512 = 119g
-514 = 118g
-513 = 119g
-511 = 120g
-508 = 122g
-511 = 120g
-514 = 118g
-513 = 119g

Current weight
-518 = 115g
-515 = 117g
-512 = 119g
-510 = 121g
-515 = 117g
-516 = 116g
-513 = 119g
-512 = 119g
-511 = 120g
-515 = 117g

358

Current weight
-492 = 133g
-493 = 133g
-498 = 129g
-494 = 132g
-492 = 133g
-492 = 133g
-497 = 130g
-495 = 131g
-496 = 130g
-493 = 133g

2281

2087

Current weight
-331 = 247g
-329 = 248g
-332 = 246g
-331 = 247g
-327 = 250g
-328 = 249g
-329 = 248g
-327 = 250g
-331 = 247g
-328 = 249g

Current weight
-211 = 331g
-212 = 330g
-214 = 329g
-215 = 328g
-209 = 333g
-214 = 329g
-214 = 329g
-213 = 330g
-213 = 330g
-216 = 328g

-196

358

-682



Current weight
-141 = 380g
-140 = 381g
-140 = 381g
-141 = 380g
-140 = 381g
-139 = 382g
-142 = 380g
-142 = 380g
-144 = 378g
-141 = 380g

Current weight
-152 = 373g
-156 = 370g
-154 = 371g
-154 = 371g
-154 = 371g
-154 = 371g
-154 = 371g
-152 = 373g
-151 = 373g
-153 = 372g

Current weight
-144 = 378g
-145 = 378g
-142 = 380g
-141 = 380g
-142 = 380g
-143 = 379g
-139 = 382g
-139 = 382g
-141 = 380g
-141 = 380g


-108

Current weight
-107 = 404g
-108 = 404g
-105 = 406g
-106 = 405g
-106 = 405g
-102 = 408g
-106 = 405g
-102 = 408g
-104 = 407g
-103 = 407g

358

-62

Weight help
(we) Empty (tare)
(wk) Empty + 1kg
(wh) Filled level
(wt) Test

3

3

4

4

1424

1

1

4

4

0

0

0- A: 2281
1- B: 2081
2- C: 2737
3- D: 100
4- E: 3500
5- F: -85
6- G: 420
7- H: -1
8- I: -62
9- J: 0
10- K: 0
11- L: 0
12- M: 0
13- N: 0
14- O: 0
15- P: 0
16- Q: -1
17- R: -1
18- S: -1
19- T: -1
20- U: -1
21- V: -1
22- W: 4
23- X: 1
24- Y: 0
25- Z: 63
26-AA: 90
27-AB: 200
28-AC: 5
29-AD: 1420
30-AE: -682
31-AF: -1
32-AG: -1
33-AH: -1
34-AI: -1
35-AJ: -1
36-AK: -1
37-AL: -1
38-AM: -1
39-AN: -1
40-AO: -1
41-AP: -1
42-AQ: -1
43-AR: -1
44-AS: -1
45-AT: -1
46-AU: -1
47-AV: -1
48-AW: -1
49-AX: -1
50-AY: -1
51-AZ: 0
52-BA: 16388
53-BB: 8292
54-BC: 16384
55-BD: 16381
56-BE: 4120
57-BF: 16384
58-BG: 2078
59-BH: 16392
60-BI: 6174
61-BJ: 0
62-BK: 0
63-BL: 0
64-BM: 0
65-BN: 0
66-BO: 0
67-BP: 0

169


3

0- A: 2281
1- B: 2087
2- C: 2737
3- D: 100
4- E: 3500
5- F: -91
6- G: 416
7- H: -1
8- I: -62
9- J: 0
10- K: 0
11- L: 0
12- M: 0
13- N: 0
14- O: 0
15- P: 0
16- Q: -1
17- R: -1
18- S: -1
19- T: -1
20- U: -1
21- V: -1
22- W: 3
23- X: 30
24- Y: 0
25- Z: 63
26-AA: 90
27-AB: 200
28-AC: 5
29-AD: 1420
30-AE: -682
31-AF: -1
32-AG: -1
33-AH: -1
34-AI: -1
35-AJ: -1
36-AK: -1
37-AL: -1
38-AM: -1
39-AN: -1
40-AO: -1
41-AP: -1
42-AQ: -1
43-AR: -1
44-AS: -1
45-AT: -1
46-AU: -1
47-AV: -1
48-AW: -1
49-AX: -1
50-AY: -1
51-AZ: 0
52-BA: 16388
53-BB: 8292
54-BC: 16384
55-BD: 169
56-BE: 4120
57-BF: 16384
58-BG: 2078
59-BH: 16392
60-BI: 6174
61-BJ: 0
62-BK: 0
63-BL: 0
64-BM: 0
65-BN: 0
66-BO: 0
67-BP: 0

16391

3

2

16387

2

3

4

100

2287

2093

3500

0- A: 2293
1- B: 2093
2- C: 3193
3- D: 100
4- E: 3500
5- F: -144
6- G: 378
7- H: -1
8- I: -62
9- J: 0
10- K: 0
11- L: 0
12- M: 0
13- N: 0
14- O: 0
15- P: 0
16- Q: -1
17- R: -1
18- S: -1
19- T: -1
20- U: -1
21- V: -1
22- W: 4
23- X: 29
24- Y: 0
25- Z: 63
26-AA: 90
27-AB: 200
28-AC: 5
29-AD: 1420
30-AE: -682
31-AF: -1
32-AG: -1
33-AH: -1
34-AI: -1
35-AJ: -1
36-AK: -1
37-AL: -1
38-AM: -1
39-AN: -1
40-AO: -1
41-AP: -1
42-AQ: -1
43-AR: -1
44-AS: -1
45-AT: -1
46-AU: -1
47-AV: -1
48-AW: -1
49-AX: -1
50-AY: -1
51-AZ: 3
52-BA: 16388
53-BB: 8292
54-BC: 16384
55-BD: 16387
56-BE: 4120
57-BF: 16384
58-BG: 2078
59-BH: 16392
60-BI: 6174
61-BJ: 0
62-BK: 0
63-BL: 0
64-BM: 0
65-BN: 0
66-BO: 0
67-BP: 0

3381

3381

3418

3418

3531

3481

2450

2256

2256

2450

2487

2287

2525

2331

4

21

1

4

4

0- A: 2562
1- B: 2368
2- C: 3537
3- D: 100
4- E: 3500
5- F: -346
6- G: 236
7- H: -1
8- I: -62
9- J: 0
10- K: 0
11- L: 0
12- M: 0
13- N: 0
14- O: 0
15- P: 0
16- Q: -1
17- R: -1
18- S: -1
19- T: -1
20- U: -1
21- V: -1
22- W: 4
23- X: 1
24- Y: 0
25- Z: 63
26-AA: 90
27-AB: 200
28-AC: 5
29-AD: 1420
30-AE: -682
31-AF: -1
32-AG: -1
33-AH: -1
34-AI: -1
35-AJ: -1
36-AK: -1
37-AL: -1
38-AM: -1
39-AN: -1
40-AO: -1
41-AP: -1
42-AQ: -1
43-AR: -1
44-AS: -1
45-AT: -1
46-AU: -1
47-AV: -1
48-AW: -1
49-AX: -1
50-AY: -1
51-AZ: 3
52-BA: 16388
53-BB: 8292
54-BC: 16384
55-BD: 16387
56-BE: 4120
57-BF: 16384
58-BG: 2078
59-BH: 16392
60-BI: 6174
61-BJ: 0
62-BK: 0
63-BL: 0
64-BM: 0
65-BN: 0
66-BO: 0
67-BP: 0

6

28

1

0- A: 2625
1- B: 2418
2- C: 3237
3- D: 100
4- E: 3500
5- F: -311
6- G: 261
7- H: -1
8- I: -62
9- J: 0
10- K: 0
11- L: 0
12- M: 0
13- N: 0
14- O: 0
15- P: 0
16- Q: -1
17- R: -1
18- S: -1
19- T: -1
20- U: -1
21- V: -1
22- W: 6
23- X: 1
24- Y: 0
25- Z: 63
26-AA: 90
27-AB: 200
28-AC: 5
29-AD: 1420
30-AE: -682
31-AF: -1
32-AG: -1
33-AH: -1
34-AI: -1
35-AJ: -1
36-AK: -1
37-AL: -1
38-AM: -1
39-AN: -1
40-AO: -1
41-AP: -1
42-AQ: -1
43-AR: -1
44-AS: -1
45-AT: -1
46-AU: -1
47-AV: -1
48-AW: -1
49-AX: -1
50-AY: -1
51-AZ: 0
52-BA: 16388
53-BB: 8292
54-BC: 16384
55-BD: 16387
56-BE: 4120
57-BF: 16384
58-BG: 2078
59-BH: 16392
60-BI: 6174
61-BJ: 0
62-BK: 0
63-BL: 0
64-BM: 0
65-BN: 0
66-BO: 0
67-BP: 0

1

6

6

4

4

6

1

1

9

10

10

