(h)elp
(s)ettings
(u)tilities
(l)og
(o)ne-wire
(p)aram
s(t)atus
(w)eight

0- A: 2293
1- B: 2287
2- C: 2668
3- D: 100
4- E: 3500
5- F: 2668
6- G: -4516
7- H: 32767
8- I: -6870
9- J: -1
10- K: -1
11- L: -1
12- M: -1
13- N: -1
14- O: -1
15- P: -1
16- Q: -1
17- R: -1
18- S: -1
19- T: -1
20- U: -1
21- V: -1
22- W: 10
23- X: 0
24- Y: 128
25- Z: 12
26-AA: 60
27-AB: 30
28-AC: 5
29-AD: -1830
30-AE: -5597
31-AF: -1
32-AG: -1
33-AH: -1
34-AI: -1
35-AJ: -1
36-AK: -1
37-AL: -1
38-AM: -1
39-AN: -1
40-AO: -1
41-AP: -1
42-AQ: -1
43-AR: -1
44-AS: -1
45-AT: -1
46-AU: -1
47-AV: -1
48-AW: -1
49-AX: -1
50-AY: -1
51-AZ: 0
52-BA: 0
53-BB: 0
54-BC: 0
55-BD: 0
56-BE: 0
57-BF: 0
58-BG: 0
59-BH: 0
60-BI: 0
61-BJ: 0
62-BK: 0
63-BL: 0
64-BM: 0
65-BN: 0
66-BO: 0
67-BP: 0

2656

Current weight
2655 = 0g
2654 = 1g
2658 = -1g
2659 = -1g
2674 = -9g
2657 = 0g
2654 = 1g
2668 = -6g
2659 = -1g
2663 = -3g

Current weight
2654 = 1g
2656 = 0g
2660 = -2g
2658 = -1g
2658 = -1g
2663 = -3g
2659 = -1g
2658 = -1g
2661 = -2g
2661 = -2g

0- A: 2300
1- B: 2293
2- C: 2756
3- D: 100
4- E: 3500
5- F: 2658
6- G: -1
7- H: 32767
8- I: -6870
9- J: -1
10- K: -1
11- L: -1
12- M: -1
13- N: -1
14- O: -1
15- P: -1
16- Q: -1
17- R: -1
18- S: -1
19- T: -1
20- U: -1
21- V: -1
22- W: 12
23- X: 0
24- Y: 0
25- Z: 12
26-AA: 60
27-AB: 30
28-AC: 5
29-AD: -1830
30-AE: 2656
31-AF: -1
32-AG: -1
33-AH: -1
34-AI: -1
35-AJ: -1
36-AK: -1
37-AL: -1
38-AM: -1
39-AN: -1
40-AO: -1
41-AP: -1
42-AQ: -1
43-AR: -1
44-AS: -1
45-AT: -1
46-AU: -1
47-AV: -1
48-AW: -1
49-AX: -1
50-AY: -1
51-AZ: 0
52-BA: 0
53-BB: 0
54-BC: 0
55-BD: 0
56-BE: 0
57-BF: 0
58-BG: 0
59-BH: 0
60-BI: 0
61-BJ: 0
62-BK: 0
63-BL: 0
64-BM: 0
65-BN: 0
66-BO: 0
67-BP: 0

63

0- A: 2300
1- B: 2300
2- C: 2768
3- D: 100
4- E: 3500
5- F: 2662
6- G: -3
7- H: 32767
8- I: -6870
9- J: -1
10- K: -1
11- L: -1
12- M: -1
13- N: -1
14- O: -1
15- P: -1
16- Q: -1
17- R: -1
18- S: -1
19- T: -1
20- U: -1
21- V: -1
22- W: 11
23- X: 0
24- Y: 0
25- Z: 63
26-AA: 60
27-AB: 30
28-AC: 5
29-AD: -1830
30-AE: 2656
31-AF: -1
32-AG: -1
33-AH: -1
34-AI: -1
35-AJ: -1
36-AK: -1
37-AL: -1
38-AM: -1
39-AN: -1
40-AO: -1
41-AP: -1
42-AQ: -1
43-AR: -1
44-AS: -1
45-AT: -1
46-AU: -1
47-AV: -1
48-AW: -1
49-AX: -1
50-AY: -1
51-AZ: 0
52-BA: 0
53-BB: 0
54-BC: 0
55-BD: 0
56-BE: 0
57-BF: 0
58-BG: 0
59-BH: 0
60-BI: 0
61-BJ: 0
62-BK: 0
63-BL: 0
64-BM: 0
65-BN: 0
66-BO: 0
67-BP: 0

2

4

8

16

32

0

