(h)elp
(s)ettings
(u)tilities
(l)og
(o)ne-wire
(p)aram
s(t)atus
(w)eight

0- A: 2268
1- B: 2231
2- C: 2393
3- D: 100
4- E: 3000
5- F: -1316
6- G: 1320
7- H: -1
8- I: -2435
9- J: 0
10- K: 0
11- L: 0
12- M: 0
13- N: 0
14- O: 0
15- P: 0
16- Q: -1
17- R: -1
18- S: -1
19- T: -1
20- U: -1
21- V: -1
22- W: 2
23- X: 1429
24- Y: 128
25- Z: 63
26-AA: 60
27-AB: 30
28-AC: 5
29-AD: 1511
30-AE: -3311
31-AF: -1
32-AG: -1
33-AH: -1
34-AI: -1
35-AJ: -1
36-AK: -1
37-AL: -1
38-AM: -1
39-AN: -1
40-AO: -1
41-AP: -1
42-AQ: -1
43-AR: -1
44-AS: -1
45-AT: -1
46-AU: -1
47-AV: -1
48-AW: -1
49-AX: -1
50-AY: -1
51-AZ: 0
52-BA: 16387
53-BB: 4120
54-BC: 8292
55-BD: 2078
56-BE: 16388
57-BF: 6174
58-BG: 16395
59-BH: 8292
60-BI: 0
61-BJ: 0
62-BK: 0
63-BL: 0
64-BM: 0
65-BN: 0
66-BO: 0
67-BP: 0

