0- A: 2825
1- B: 2843
2- C: 3193
3- D: 34
4- E: 3500
5- F: 2272
6- G: 53
7- H: 32767
8- I: 2844
9- J: -1
10- K: -1
11- L: -1
12- M: -1
13- N: -1
14- O: -1
15- P: -1
16- Q: -1
17- R: -1
18- S: -1
19- T: -1
20- U: -1
21- V: -1
22- W: 4
23- X: 290
24- Y: 0
25- Z: 63
26-AA: 90
27-AB: 200
28-AC: 5
29-AD: 297
30-AE: 2256
31-AF: -1
32-AG: -1
33-AH: -1
34-AI: -1
35-AJ: -1
36-AK: -1
37-AL: -1
38-AM: -1
39-AN: -1
40-AO: -1
41-AP: -1
42-AQ: -1
43-AR: -1
44-AS: -1
45-AT: -1
46-AU: -1
47-AV: -1
48-AW: -1
49-AX: -1
50-AY: -1
51-AZ: 0
52-BA: 16388
53-BB: 8292
54-BC: 16391
55-BD: 4120
56-BE: 4120
57-BF: 16384
58-BG: 2078
59-BH: 16392
60-BI: 6174
61-BJ: 0
62-BK: 0
63-BL: 0
64-BM: 0
65-BN: 0
66-BO: 0
67-BP: 0

0

1

1

1

1

1

0- A: 2800
1- B: 2818
2- C: 3187
3- D: 34
4- E: 3500
5- F: 2303
6- G: 158
7- H: 32767
8- I: 2844
9- J: -1
10- K: -1
11- L: -1
12- M: -1
13- N: -1
14- O: -1
15- P: -1
16- Q: -1
17- R: -1
18- S: -1
19- T: -1
20- U: -1
21- V: -1
22- W: 1
23- X: 290
24- Y: 0
25- Z: 63
26-AA: 90
27-AB: 200
28-AC: 5
29-AD: 297
30-AE: 2256
31-AF: -1
32-AG: -1
33-AH: -1
34-AI: -1
35-AJ: -1
36-AK: -1
37-AL: -1
38-AM: -1
39-AN: -1
40-AO: -1
41-AP: -1
42-AQ: -1
43-AR: -1
44-AS: -1
45-AT: -1
46-AU: -1
47-AV: -1
48-AW: -1
49-AX: -1
50-AY: -1
51-AZ: 4
52-BA: 16388
53-BB: 8292
54-BC: 16391
55-BD: 4120
56-BE: 4120
57-BF: 16384
58-BG: 2078
59-BH: 16392
60-BI: 6174
61-BJ: 0
62-BK: 0
63-BL: 0
64-BM: 0
65-BN: 0
66-BO: 0
67-BP: 0

2337

2338

2338

Current weight
2348 = 309g
2362 = 356g
2356 = 336g
2356 = 336g
2359 = 346g
2353 = 326g
2356 = 336g
2357 = 340g
2357 = 340g
2360 = 350g

0- A: 2875
1- B: 2800
2- C: 3187
3- D: 34
4- E: 3500
5- F: 2363
6- G: 360
7- H: 32767
8- I: 2844
9- J: -1
10- K: -1
11- L: -1
12- M: -1
13- N: -1
14- O: -1
15- P: -1
16- Q: -1
17- R: -1
18- S: -1
19- T: -1
20- U: -1
21- V: -1
22- W: 1
23- X: 290
24- Y: 0
25- Z: 63
26-AA: 90
27-AB: 200
28-AC: 5
29-AD: 297
30-AE: 2256
31-AF: -1
32-AG: -1
33-AH: -1
34-AI: -1
35-AJ: -1
36-AK: -1
37-AL: -1
38-AM: -1
39-AN: -1
40-AO: -1
41-AP: -1
42-AQ: -1
43-AR: -1
44-AS: -1
45-AT: -1
46-AU: -1
47-AV: -1
48-AW: -1
49-AX: -1
50-AY: -1
51-AZ: 4
52-BA: 16388
53-BB: 8292
54-BC: 16391
55-BD: 4120
56-BE: 4120
57-BF: 16384
58-BG: 2078
59-BH: 16392
60-BI: 6174
61-BJ: 0
62-BK: 0
63-BL: 0
64-BM: 0
65-BN: 0
66-BO: 0
67-BP: 0

Weight help
(we) Empty (tare)
(wk) Empty + 1kg
(wh) Filled level
(wt) Test

Current weight
2374 = 397g
2371 = 387g
2372 = 390g
2375 = 400g
2373 = 393g
2373 = 393g
2375 = 400g
2372 = 390g
2372 = 390g
2375 = 400g

Current weight
2374 = 397g
2378 = 410g
2370 = 383g
2379 = 414g
2377 = 407g
2378 = 410g
2377 = 407g
2373 = 393g
2379 = 414g
2378 = 410g

1

1

1

1

1

1

2

0- A: 3000
1- B: 2968
2- C: 3181
3- D: 100
4- E: 3500
5- F: 2856
6- G: 2020
7- H: 32767
8- I: 2844
9- J: -1
10- K: -1
11- L: -1
12- M: -1
13- N: -1
14- O: -1
15- P: -1
16- Q: -1
17- R: -1
18- S: -1
19- T: -1
20- U: -1
21- V: -1
22- W: 3
23- X: 289
24- Y: 0
25- Z: 63
26-AA: 90
27-AB: 200
28-AC: 5
29-AD: 297
30-AE: 2256
31-AF: -1
32-AG: -1
33-AH: -1
34-AI: -1
35-AJ: -1
36-AK: -1
37-AL: -1
38-AM: -1
39-AN: -1
40-AO: -1
41-AP: -1
42-AQ: -1
43-AR: -1
44-AS: -1
45-AT: -1
46-AU: -1
47-AV: -1
48-AW: -1
49-AX: -1
50-AY: -1
51-AZ: 7
52-BA: 16388
53-BB: 8292
54-BC: 16391
55-BD: 4120
56-BE: 4120
57-BF: 16384
58-BG: 2078
59-BH: 16392
60-BI: 6174
61-BJ: 0
62-BK: 0
63-BL: 0
64-BM: 0
65-BN: 0
66-BO: 0
67-BP: 0

3

3

7

3

3

3

3

0- A: 3493
1- B: 3500
2- C: 3487
3- D: 34
4- E: 3500
5- F: 2755
6- G: 1680
7- H: 32767
8- I: 2844
9- J: -1
10- K: -1
11- L: -1
12- M: -1
13- N: -1
14- O: -1
15- P: -1
16- Q: -1
17- R: -1
18- S: -1
19- T: -1
20- U: -1
21- V: -1
22- W: 3
23- X: 115
24- Y: 0
25- Z: 63
26-AA: 90
27-AB: 200
28-AC: 5
29-AD: 297
30-AE: 2256
31-AF: -1
32-AG: -1
33-AH: -1
34-AI: -1
35-AJ: -1
36-AK: -1
37-AL: -1
38-AM: -1
39-AN: -1
40-AO: -1
41-AP: -1
42-AQ: -1
43-AR: -1
44-AS: -1
45-AT: -1
46-AU: -1
47-AV: -1
48-AW: -1
49-AX: -1
50-AY: -1
51-AZ: 3
52-BA: 16388
53-BB: 8292
54-BC: 16391
55-BD: 4120
56-BE: 4120
57-BF: 16384
58-BG: 2078
59-BH: 16392
60-BI: 6174
61-BJ: 0
62-BK: 0
63-BL: 0
64-BM: 0
65-BN: 0
66-BO: 0
67-BP: 0

