0- A: 2700
1- B: 2481
2- C: 3525
3- D: 100
4- E: 3500
5- F: -375
6- G: 216
7- H: -1
8- I: -62
9- J: 0
10- K: 0
11- L: 0
12- M: 0
13- N: 0
14- O: 0
15- P: 0
16- Q: -1
17- R: -1
18- S: -1
19- T: -1
20- U: -1
21- V: -1
22- W: 4
23- X: 1439
24- Y: 0
25- Z: 63
26-AA: 90
27-AB: 200
28-AC: 5
29-AD: 1420
30-AE: -682
31-AF: -1
32-AG: -1
33-AH: -1
34-AI: -1
35-AJ: -1
36-AK: -1
37-AL: -1
38-AM: -1
39-AN: -1
40-AO: -1
41-AP: -1
42-AQ: -1
43-AR: -1
44-AS: -1
45-AT: -1
46-AU: -1
47-AV: -1
48-AW: -1
49-AX: -1
50-AY: -1
51-AZ: 0
52-BA: 16388
53-BB: 8292
54-BC: 16384
55-BD: 16387
56-BE: 4120
57-BF: 16384
58-BG: 2078
59-BH: 16392
60-BI: 6174
61-BJ: 0
62-BK: 0
63-BL: 0
64-BM: 0
65-BN: 0
66-BO: 0
67-BP: 0

4

7

8

9

9

10

10

