0- A: 3312
1- B: 3043
2- C: 3525
3- D: 100
4- E: 3500
5- F: 2613
6- G: 412
7- H: 32767
8- I: 3342
9- J: -1
10- K: -1
11- L: -1
12- M: -1
13- N: -1
14- O: -1
15- P: -1
16- Q: -1
17- R: -1
18- S: -1
19- T: -1
20- U: -1
21- V: -1
22- W: 3
23- X: 1428
24- Y: 0
25- Z: 63
26-AA: 100
27-AB: 200
28-AC: 5
29-AD: 749
30-AE: 2304
31-AF: -1
32-AG: -1
33-AH: -1
34-AI: -1
35-AJ: -1
36-AK: -1
37-AL: -1
38-AM: -1
39-AN: -1
40-AO: -1
41-AP: -1
42-AQ: -1
43-AR: -1
44-AS: -1
45-AT: -1
46-AU: -1
47-AV: -1
48-AW: -1
49-AX: -1
50-AY: -1
51-AZ: 7
52-BA: 16388
53-BB: 8292
54-BC: 16391
55-BD: 4120
56-BE: 2078
57-BF: 16392
58-BG: 6174
59-BH: 0
60-BI: 0
61-BJ: 0
62-BK: 0
63-BL: 0
64-BM: 0
65-BN: 0
66-BO: 0
67-BP: 0

(uc) Compact settings
(ue) Epoch
(uf) Free
(uq) Qualifier
(ur) Reset
(uz) eeprom

Reset done

0

63

8

-1

0- A: 3337
1- B: 3031
2- C: 3456
3- D: 0
4- E: 3000
5- F: 2587
6- G: -1
7- H: 32767
8- I: -32768
9- J: -1
10- K: -1
11- L: -1
12- M: -1
13- N: -1
14- O: -1
15- P: -1
16- Q: -1
17- R: -1
18- S: -1
19- T: -1
20- U: -1
21- V: -1
22- W: 14
23- X: 0
24- Y: 128
25- Z: 63
26-AA: 60
27-AB: 30
28-AC: 5
29-AD: 0
30-AE: 0
31-AF: -1
32-AG: -1
33-AH: -1
34-AI: -1
35-AJ: -1
36-AK: -1
37-AL: -1
38-AM: -1
39-AN: -1
40-AO: -1
41-AP: -1
42-AQ: -1
43-AR: -1
44-AS: -1
45-AT: -1
46-AU: -1
47-AV: -1
48-AW: -1
49-AX: -1
50-AY: -1
51-AZ: 8
52-BA: 0
53-BB: 0
54-BC: 0
55-BD: 0
56-BE: 0
57-BF: 0
58-BG: 0
59-BH: 0
60-BI: 0
61-BJ: 0
62-BK: 0
63-BL: 0
64-BM: 0
65-BN: 0
66-BO: 0
67-BP: 0

3500

0- A: 3337
1- B: 3025
2- C: 3462
3- D: 0
4- E: 3500
5- F: 2559
6- G: -1
7- H: 32767
8- I: -32768
9- J: -1
10- K: -1
11- L: -1
12- M: -1
13- N: -1
14- O: -1
15- P: -1
16- Q: -1
17- R: -1
18- S: -1
19- T: -1
20- U: -1
21- V: -1
22- W: 3
23- X: 0
24- Y: 128
25- Z: 63
26-AA: 60
27-AB: 30
28-AC: 5
29-AD: 0
30-AE: 0
31-AF: -1
32-AG: -1
33-AH: -1
34-AI: -1
35-AJ: -1
36-AK: -1
37-AL: -1
38-AM: -1
39-AN: -1
40-AO: -1
41-AP: -1
42-AQ: -1
43-AR: -1
44-AS: -1
45-AT: -1
46-AU: -1
47-AV: -1
48-AW: -1
49-AX: -1
50-AY: -1
51-AZ: 8
52-BA: 0
53-BB: 0
54-BC: 0
55-BD: 0
56-BE: 0
57-BF: 0
58-BG: 0
59-BH: 0
60-BI: 0
61-BJ: 0
62-BK: 0
63-BL: 0
64-BM: 0
65-BN: 0
66-BO: 0
67-BP: 0

90

200

0

Weight help
(we) Empty (tare)
(wk) Empty + 1kg
(wh) Filled level
(wt) Test

2346

1461

547

Current weight
2288 = 65g
2287 = 66g
2294 = 58g
2298 = 54g
2294 = 58g
2294 = 58g
2290 = 63g
2292 = 61g
2294 = 58g
2292 = 61g

Current weight
2290 = 63g
2287 = 66g
2291 = 62g
2293 = 59g
2288 = 65g
2292 = 61g
2292 = 61g
2292 = 61g
2290 = 63g
2290 = 63g

16388
8292
16391

4120

16384
2078
16392
6174

0- A: 3168
1- B: 2893
2- C: 3437
3- D: 100
4- E: 3500
5- F: 2539
6- G: -218
7- H: 32767
8- I: 547
9- J: -1
10- K: -1
11- L: -1
12- M: -1
13- N: -1
14- O: -1
15- P: -1
16- Q: -1
17- R: -1
18- S: -1
19- T: -1
20- U: -1
21- V: -1
22- W: 3
23- X: 1439
24- Y: 0
25- Z: 63
26-AA: 90
27-AB: 200
28-AC: 5
29-AD: -885
30-AE: 2346
31-AF: -1
32-AG: -1
33-AH: -1
34-AI: -1
35-AJ: -1
36-AK: -1
37-AL: -1
38-AM: -1
39-AN: -1
40-AO: -1
41-AP: -1
42-AQ: -1
43-AR: -1
44-AS: -1
45-AT: -1
46-AU: -1
47-AV: -1
48-AW: -1
49-AX: -1
50-AY: -1
51-AZ: 7
52-BA: 16388
53-BB: 8292
54-BC: 16391
55-BD: 4120
56-BE: 16384
57-BF: 2078
58-BG: 16392
59-BH: 6174
60-BI: 0
61-BJ: 0
62-BK: 0
63-BL: 0
64-BM: 0
65-BN: 0
66-BO: 0
67-BP: 0

0

0- A: 3187
1- B: 2881
2- C: 3568
3- D: 100
4- E: 3500
5- F: 2580
6- G: -264
7- H: 32767
8- I: 547
9- J: -1
10- K: -1
11- L: -1
12- M: -1
13- N: -1
14- O: -1
15- P: -1
16- Q: -1
17- R: -1
18- S: -1
19- T: -1
20- U: -1
21- V: -1
22- W: 1
23- X: 1438
24- Y: 0
25- Z: 63
26-AA: 90
27-AB: 200
28-AC: 5
29-AD: -885
30-AE: 2346
31-AF: -1
32-AG: -1
33-AH: -1
34-AI: -1
35-AJ: -1
36-AK: -1
37-AL: -1
38-AM: -1
39-AN: -1
40-AO: -1
41-AP: -1
42-AQ: -1
43-AR: -1
44-AS: -1
45-AT: -1
46-AU: -1
47-AV: -1
48-AW: -1
49-AX: -1
50-AY: -1
51-AZ: 4
52-BA: 16388
53-BB: 8292
54-BC: 16391
55-BD: 4120
56-BE: 16384
57-BF: 2078
58-BG: 16392
59-BH: 6174
60-BI: 0
61-BJ: 0
62-BK: 0
63-BL: 0
64-BM: 0
65-BN: 0
66-BO: 0
67-BP: 0

0- A: 3187
1- B: 2875
2- C: 3568
3- D: 100
4- E: 3500
5- F: 2578
6- G: -262
7- H: 32767
8- I: 547
9- J: -1
10- K: -1
11- L: -1
12- M: -1
13- N: -1
14- O: -1
15- P: -1
16- Q: -1
17- R: -1
18- S: -1
19- T: -1
20- U: -1
21- V: -1
22- W: 3
23- X: 1438
24- Y: 0
25- Z: 63
26-AA: 90
27-AB: 200
28-AC: 5
29-AD: -885
30-AE: 2346
31-AF: -1
32-AG: -1
33-AH: -1
34-AI: -1
35-AJ: -1
36-AK: -1
37-AL: -1
38-AM: -1
39-AN: -1
40-AO: -1
41-AP: -1
42-AQ: -1
43-AR: -1
44-AS: -1
45-AT: -1
46-AU: -1
47-AV: -1
48-AW: -1
49-AX: -1
50-AY: -1
51-AZ: 7
52-BA: 16388
53-BB: 8292
54-BC: 16391
55-BD: 4120
56-BE: 16384
57-BF: 2078
58-BG: 16392
59-BH: 6174
60-BI: 0
61-BJ: 0
62-BK: 0
63-BL: 0
64-BM: 0
65-BN: 0
66-BO: 0
67-BP: 0

128


0- A: 3268
1- B: 2906
2- C: 3493
3- D: 100
4- E: 3500
5- F: 2753
6- G: -459
7- H: 32767
8- I: 547
9- J: -1
10- K: -1
11- L: -1
12- M: -1
13- N: -1
14- O: -1
15- P: -1
16- Q: -1
17- R: -1
18- S: -1
19- T: -1
20- U: -1
21- V: -1
22- W: 3
23- X: 1435
24- Y: 128
25- Z: 63
26-AA: 90
27-AB: 200
28-AC: 5
29-AD: -885
30-AE: 2346
31-AF: -1
32-AG: -1
33-AH: -1
34-AI: -1
35-AJ: -1
36-AK: -1
37-AL: -1
38-AM: -1
39-AN: -1
40-AO: -1
41-AP: -1
42-AQ: -1
43-AR: -1
44-AS: -1
45-AT: -1
46-AU: -1
47-AV: -1
48-AW: -1
49-AX: -1
50-AY: -1
51-AZ: 7
52-BA: 16388
53-BB: 8292
54-BC: 16391
55-BD: 4120
56-BE: 16384
57-BF: 2078
58-BG: 16392
59-BH: 6174
60-BI: 0
61-BJ: 0
62-BK: 0
63-BL: 0
64-BM: 0
65-BN: 0
66-BO: 0
67-BP: 0

Reset done

0- A: -32768
1- B: -32768
2- C: -32768
3- D: 0
4- E: 3000
5- F: 2757
6- G: -1
7- H: 32767
8- I: -32768
9- J: -1
10- K: -1
11- L: -1
12- M: -1
13- N: -1
14- O: -1
15- P: -1
16- Q: -1
17- R: -1
18- S: -1
19- T: -1
20- U: -1
21- V: -1
22- W: 1
23- X: 0
24- Y: 56
25- Z: 63
26-AA: 60
27-AB: 30
28-AC: 5
29-AD: 0
30-AE: 0
31-AF: -1
32-AG: -1
33-AH: -1
34-AI: -1
35-AJ: -1
36-AK: -1
37-AL: -1
38-AM: -1
39-AN: -1
40-AO: -1
41-AP: -1
42-AQ: -1
43-AR: -1
44-AS: -1
45-AT: -1
46-AU: -1
47-AV: -1
48-AW: -1
49-AX: -1
50-AY: -1
51-AZ: 16383
52-BA: 0
53-BB: 0
54-BC: 0
55-BD: 0
56-BE: 0
57-BF: 0
58-BG: 0
59-BH: 0
60-BI: 0
61-BJ: 0
62-BK: 0
63-BL: 0
64-BM: 0
65-BN: 0
66-BO: 0
67-BP: 0

0

8

To reset enter ur1234

0

Weight help
(we) Empty (tare)
(wk) Empty + 1kg
(wh) Filled level
(wt) Test

2

0- A: 2956
1- B: 2843
2- C: 3350
3- D: 0
4- E: 3000
5- F: 2254
6- G: -1
7- H: 32767
8- I: -32768
9- J: -1
10- K: -1
11- L: -1
12- M: -1
13- N: -1
14- O: -1
15- P: -1
16- Q: -1
17- R: -1
18- S: -1
19- T: -1
20- U: -1
21- V: -1
22- W: 2
23- X: 0
24- Y: 128
25- Z: 63
26-AA: 60
27-AB: 30
28-AC: 5
29-AD: 0
30-AE: 0
31-AF: -1
32-AG: -1
33-AH: -1
34-AI: -1
35-AJ: -1
36-AK: -1
37-AL: -1
38-AM: -1
39-AN: -1
40-AO: -1
41-AP: -1
42-AQ: -1
43-AR: -1
44-AS: -1
45-AT: -1
46-AU: -1
47-AV: -1
48-AW: -1
49-AX: -1
50-AY: -1
51-AZ: 2
52-BA: 0
53-BB: 0
54-BC: 0
55-BD: 0
56-BE: 0
57-BF: 0
58-BG: 0
59-BH: 0
60-BI: 0
61-BJ: 0
62-BK: 0
63-BL: 0
64-BM: 0
65-BN: 0
66-BO: 0
67-BP: 0

2259

63

2


2

3

2271

128


2275

2271

Weight help
(we) Empty (tare)
(wk) Empty + 1kg
(wh) Filled level
(wt) Test

2277

2681

1844

90

200

-1

0- A: 2862
1- B: 2781
2- C: 3537
3- D: 100
4- E: 3000
5- F: 2229
6- G: -118
7- H: 32767
8- I: 1844
9- J: -1
10- K: -1
11- L: -1
12- M: -1
13- N: -1
14- O: -1
15- P: -1
16- Q: -1
17- R: -1
18- S: -1
19- T: -1
20- U: -1
21- V: -1
22- W: 5
23- X: 0
24- Y: 0
25- Z: 63
26-AA: 90
27-AB: 200
28-AC: 5
29-AD: 404
30-AE: 2277
31-AF: -1
32-AG: -1
33-AH: -1
34-AI: -1
35-AJ: -1
36-AK: -1
37-AL: -1
38-AM: -1
39-AN: -1
40-AO: -1
41-AP: -1
42-AQ: -1
43-AR: -1
44-AS: -1
45-AT: -1
46-AU: -1
47-AV: -1
48-AW: -1
49-AX: -1
50-AY: -1
51-AZ: 3
52-BA: 0
53-BB: 0
54-BC: 0
55-BD: 0
56-BE: 0
57-BF: 0
58-BG: 0
59-BH: 0
60-BI: 0
61-BJ: 0
62-BK: 0
63-BL: 0
64-BM: 0
65-BN: 0
66-BO: 0
67-BP: 0

3500

Current weight
2281 = 9g
2266 = -27g
2274 = -7g
2284 = 17g
2279 = 4g
2265 = -29g
2277 = 0g
2281 = 9g
2276 = -2g
2274 = -7g

16388
828

8292
16391

0- A: 2931
1- B: 2856
2- C: 3550
3- D: 100
4- E: 3500
5- F: 2284
6- G: 17
7- H: 32767
8- I: 1844
9- J: -1
10- K: -1
11- L: -1
12- M: -1
13- N: -1
14- O: -1
15- P: -1
16- Q: -1
17- R: -1
18- S: -1
19- T: -1
20- U: -1
21- V: -1
22- W: 5
23- X: 0
24- Y: 0
25- Z: 63
26-AA: 90
27-AB: 200
28-AC: 5
29-AD: 404
30-AE: 2277
31-AF: -1
32-AG: -1
33-AH: -1
34-AI: -1
35-AJ: -1
36-AK: -1
37-AL: -1
38-AM: -1
39-AN: -1
40-AO: -1
41-AP: -1
42-AQ: -1
43-AR: -1
44-AS: -1
45-AT: -1
46-AU: -1
47-AV: -1
48-AW: -1
49-AX: -1
50-AY: -1
51-AZ: 4
52-BA: 16388
53-BB: 8292
54-BC: 16391
55-BD: 0
56-BE: 0
57-BF: 0
58-BG: 0
59-BH: 0
60-BI: 0
61-BJ: 0
62-BK: 0
63-BL: 0
64-BM: 0
65-BN: 0
66-BO: 0
67-BP: 0

4120
16384
2078
16392

0- A: 2906
1- B: 2850
2- C: 3456
3- D: 100
4- E: 3500
5- F: 2311
6- G: 84
7- H: 32767
8- I: 1844
9- J: -1
10- K: -1
11- L: -1
12- M: -1
13- N: -1
14- O: -1
15- P: -1
16- Q: -1
17- R: -1
18- S: -1
19- T: -1
20- U: -1
21- V: -1
22- W: 13
23- X: 0
24- Y: 0
25- Z: 63
26-AA: 90
27-AB: 200
28-AC: 5
29-AD: 404
30-AE: 2277
31-AF: -1
32-AG: -1
33-AH: -1
34-AI: -1
35-AJ: -1
36-AK: -1
37-AL: -1
38-AM: -1
39-AN: -1
40-AO: -1
41-AP: -1
42-AQ: -1
43-AR: -1
44-AS: -1
45-AT: -1
46-AU: -1
47-AV: -1
48-AW: -1
49-AX: -1
50-AY: -1
51-AZ: 4
52-BA: 16388
53-BB: 8292
54-BC: 16391
55-BD: 4120
56-BE: 16384
57-BF: 2078
58-BG: 16392
59-BH: 0
60-BI: 0
61-BJ: 0
62-BK: 0
63-BL: 0
64-BM: 0
65-BN: 0
66-BO: 0
67-BP: 0

6174

1

1

1

1

Weight help
(we) Empty (tare)
(wk) Empty + 1kg
(wh) Filled level
(wt) Test

1

Current weight
2341 = 158g
2329 = 128g
2343 = 163g
2334 = 141g
2340 = 155g
2322 = 111g
2329 = 128g
2329 = 128g
2331 = 133g
2334 = 141g

0- A: 2956
1- B: 2818
2- C: 3437
3- D: 100
4- E: 3500
5- F: 2353
6- G: 188
7- H: 32767
8- I: 1844
9- J: -1
10- K: -1
11- L: -1
12- M: -1
13- N: -1
14- O: -1
15- P: -1
16- Q: -1
17- R: -1
18- S: -1
19- T: -1
20- U: -1
21- V: -1
22- W: 1
23- X: 0
24- Y: 0
25- Z: 63
26-AA: 90
27-AB: 200
28-AC: 5
29-AD: 404
30-AE: 2277
31-AF: -1
32-AG: -1
33-AH: -1
34-AI: -1
35-AJ: -1
36-AK: -1
37-AL: -1
38-AM: -1
39-AN: -1
40-AO: -1
41-AP: -1
42-AQ: -1
43-AR: -1
44-AS: -1
45-AT: -1
46-AU: -1
47-AV: -1
48-AW: -1
49-AX: -1
50-AY: -1
51-AZ: 4
52-BA: 16388
53-BB: 8292
54-BC: 16391
55-BD: 4120
56-BE: 16384
57-BF: 2078
58-BG: 16392
59-BH: 6174
60-BI: 0
61-BJ: 0
62-BK: 0
63-BL: 0
64-BM: 0
65-BN: 0
66-BO: 0
67-BP: 0

0- A: 2956
1- B: 2818
2- C: 3437
3- D: 100
4- E: 3500
5- F: 2361
6- G: 207
7- H: 32767
8- I: 1844
9- J: -1
10- K: -1
11- L: -1
12- M: -1
13- N: -1
14- O: -1
15- P: -1
16- Q: -1
17- R: -1
18- S: -1
19- T: -1
20- U: -1
21- V: -1
22- W: 1
23- X: 0
24- Y: 0
25- Z: 63
26-AA: 90
27-AB: 200
28-AC: 5
29-AD: 404
30-AE: 2277
31-AF: -1
32-AG: -1
33-AH: -1
34-AI: -1
35-AJ: -1
36-AK: -1
37-AL: -1
38-AM: -1
39-AN: -1
40-AO: -1
41-AP: -1
42-AQ: -1
43-AR: -1
44-AS: -1
45-AT: -1
46-AU: -1
47-AV: -1
48-AW: -1
49-AX: -1
50-AY: -1
51-AZ: 4
52-BA: 16388
53-BB: 8292
54-BC: 16391
55-BD: 4120
56-BE: 16384
57-BF: 2078
58-BG: 16392
59-BH: 6174
60-BI: 0
61-BJ: 0
62-BK: 0
63-BL: 0
64-BM: 0
65-BN: 0
66-BO: 0
67-BP: 0

1

1

3500

Weight help
(we) Empty (tare)
(wk) Empty + 1kg
(wh) Filled level
(wt) Test

1

1

1

1

1

1

1

1

128

1

1

8

3

3

3

7

8


-108

-111

0


2482

2113

1057

Current weight
2271 = 571g
2267 = 582g
2262 = 596g
2274 = 563g
2264 = 590g
2267 = 582g
2266 = 585g
2265 = 588g
2266 = 585g
2263 = 593g

Current weight
2270 = 574g
2275 = 560g
2261 = 598g
2267 = 582g
2279 = 550g
2245 = 642g
2251 = 626g
2260 = 601g
2251 = 626g
2265 = 588g

2249

Current weight
2271 = -59g
2249 = 0g
2248 = 2g
2252 = -8g
2255 = -16g
2254 = -13g
2258 = -24g
2236 = 35g
2253 = -10g
2260 = -29g

Current weight
2250 = -2g
2250 = -2g
2259 = -27g
2254 = -13g
2257 = -21g
2252 = -8g
2253 = -10g
2256 = -18g
2254 = -13g
2253 = -10g

2256

Current weight
2256 = 0g
2251 = 13g
2256 = 0g
2261 = -13g
2253 = 8g
2256 = 0g
2257 = -2g
2254 = 5g
2256 = 0g
2254 = 5g

2553

2844

Current weight
2832 = 1939g
2838 = 1959g
2837 = 1956g
2833 = 1942g
2836 = 1952g
2837 = 1956g
2835 = 1949g
2830 = 1932g
2840 = 1966g
2831 = 1936g

Current weight
2239 = -57g
2251 = -16g
2230 = -87g
2240 = -53g
2232 = -80g
2236 = -67g
2238 = -60g
2239 = -57g
2239 = -57g
2236 = -67g

Current weight
2247 = -30g
2235 = -70g
2236 = -67g
2245 = -37g
2241 = -50g
2238 = -60g
2243 = -43g
2238 = -60g
2240 = -53g
2239 = -57g

0

3

3

101

2256


420

420

-1

0- A: 3062
1- B: 2787
2- C: 3556
3- D: 100
4- E: 3500
5- F: 2392
6- G: 457
7- H: 32767
8- I: 2844
9- J: -1
10- K: -1
11- L: -1
12- M: -1
13- N: -1
14- O: -1
15- P: -1
16- Q: -1
17- R: -1
18- S: -1
19- T: -1
20- U: -1
21- V: -1
22- W: 3
23- X: 1432
24- Y: 0
25- Z: 63
26-AA: 90
27-AB: 200
28-AC: 5
29-AD: 297
30-AE: 2256
31-AF: -1
32-AG: -1
33-AH: -1
34-AI: -1
35-AJ: -1
36-AK: -1
37-AL: -1
38-AM: -1
39-AN: -1
40-AO: -1
41-AP: -1
42-AQ: -1
43-AR: -1
44-AS: -1
45-AT: -1
46-AU: -1
47-AV: -1
48-AW: -1
49-AX: -1
50-AY: -1
51-AZ: 7
52-BA: 16388
53-BB: 8292
54-BC: 16391
55-BD: 4120
56-BE: 16384
57-BF: 2078
58-BG: 16392
59-BH: 6174
60-BI: 0
61-BJ: 0
62-BK: 0
63-BL: 0
64-BM: 0
65-BN: 0
66-BO: 0
67-BP: 0

3

922

861

861

922

922

922

0- A: 3250
1- B: 2806
2- C: 3506
3- D: 100
4- E: 3500
5- F: 2524
6- G: 902
7- H: 32767
8- I: 2844
9- J: -1
10- K: -1
11- L: -1
12- M: -1
13- N: -1
14- O: -1
15- P: -1
16- Q: -1
17- R: -1
18- S: -1
19- T: -1
20- U: -1
21- V: -1
22- W: 3
23- X: 1429
24- Y: 0
25- Z: 63
26-AA: 90
27-AB: 200
28-AC: 5
29-AD: 297
30-AE: 2256
31-AF: -1
32-AG: -1
33-AH: -1
34-AI: -1
35-AJ: -1
36-AK: -1
37-AL: -1
38-AM: -1
39-AN: -1
40-AO: -1
41-AP: -1
42-AQ: -1
43-AR: -1
44-AS: -1
45-AT: -1
46-AU: -1
47-AV: -1
48-AW: -1
49-AX: -1
50-AY: -1
51-AZ: 7
52-BA: 16388
53-BB: 8292
54-BC: 16391
55-BD: 4120
56-BE: 16384
57-BF: 2078
58-BG: 16392
59-BH: 6174
60-BI: 0
61-BJ: 0
62-BK: 0
63-BL: 0
64-BM: 0
65-BN: 0
66-BO: 0
67-BP: 0

Current weight
2540 = 956g
2529 = 919g
2535 = 939g
2539 = 952g
2535 = 939g
2501 = 824g
2553 = 1000g
2519 = 885g
2536 = 942g
2536 = 942g

Current weight
2544 = 969g
2531 = 925g
2546 = 976g
2538 = 949g
2543 = 966g
2546 = 976g
2533 = 932g
2542 = 962g
2544 = 969g
2541 = 959g

Current weight
2570 = 1057g
2577 = 1080g
2565 = 1040g
2562 = 1030g
2576 = 1077g
2568 = 1050g
2563 = 1033g
2568 = 1050g
2579 = 1087g
2574 = 1070g

Current weight
2620 = 1225g
2613 = 1202g
2611 = 1195g
2617 = 1215g
2616 = 1212g
2622 = 1232g
2628 = 1252g
2623 = 1235g
2613 = 1202g
2617 = 1215g

3

3

1424

1424

3

0- A: 3406
1- B: 3412
2- C: 3500
3- D: 100
4- E: 3500
5- F: 2745
6- G: 1646
7- H: 32767
8- I: 2844
9- J: -1
10- K: -1
11- L: -1
12- M: -1
13- N: -1
14- O: -1
15- P: -1
16- Q: -1
17- R: -1
18- S: -1
19- T: -1
20- U: -1
21- V: -1
22- W: 3
23- X: 1422
24- Y: 0
25- Z: 63
26-AA: 90
27-AB: 200
28-AC: 5
29-AD: 297
30-AE: 2256
31-AF: -1
32-AG: -1
33-AH: -1
34-AI: -1
35-AJ: -1
36-AK: -1
37-AL: -1
38-AM: -1
39-AN: -1
40-AO: -1
41-AP: -1
42-AQ: -1
43-AR: -1
44-AS: -1
45-AT: -1
46-AU: -1
47-AV: -1
48-AW: -1
49-AX: -1
50-AY: -1
51-AZ: 7
52-BA: 16388
53-BB: 8292
54-BC: 16391
55-BD: 4120
56-BE: 16384
57-BF: 2078
58-BG: 16392
59-BH: 6174
60-BI: 0
61-BJ: 0
62-BK: 0
63-BL: 0
64-BM: 0
65-BN: 0
66-BO: 0
67-BP: 0

410

4120
16384
2078
16392
6174

0- A: 3412
1- B: 3412
2- C: 3518
3- D: 100
4- E: 3500
5- F: 2762
6- G: 1703
7- H: 32767
8- I: 2844
9- J: -1
10- K: -1
11- L: -1
12- M: -1
13- N: -1
14- O: -1
15- P: -1
16- Q: -1
17- R: -1
18- S: -1
19- T: -1
20- U: -1
21- V: -1
22- W: 3
23- X: 1421
24- Y: 0
25- Z: 63
26-AA: 90
27-AB: 200
28-AC: 5
29-AD: 297
30-AE: 2256
31-AF: -1
32-AG: -1
33-AH: -1
34-AI: -1
35-AJ: -1
36-AK: -1
37-AL: -1
38-AM: -1
39-AN: -1
40-AO: -1
41-AP: -1
42-AQ: -1
43-AR: -1
44-AS: -1
45-AT: -1
46-AU: -1
47-AV: -1
48-AW: -1
49-AX: -1
50-AY: -1
51-AZ: 7
52-BA: 16388
53-BB: 8292
54-BC: 16391
55-BD: 4120
56-BE: 4120
57-BF: 16384
58-BG: 2078
59-BH: 16392
60-BI: 6174
61-BJ: 0
62-BK: 0
63-BL: 0
64-BM: 0
65-BN: 0
66-BO: 0
67-BP: 0

Current weight
2783 = 1774g
2787 = 1787g
2794 = 1811g
2791 = 1801g
2784 = 1777g
2790 = 1797g
2790 = 1797g
2784 = 1777g
2792 = 1804g
2796 = 1818g

Current weight
2783 = 1774g
2795 = 1814g
2788 = 1791g
2802 = 1838g
2791 = 1801g
2782 = 1771g
2790 = 1797g
2800 = 1831g
2788 = 1791g
2784 = 1777g

7

3

