0- A: 3543
1- B: 3550
2- C: 3443
3- D: 8
4- E: 3500
5- F: 2732
6- G: 1602
7- H: 32767
8- I: 2844
9- J: -1
10- K: -1
11- L: -1
12- M: -1
13- N: -1
14- O: -1
15- P: -1
16- Q: -1
17- R: -1
18- S: -1
19- T: -1
20- U: -1
21- V: -1
22- W: 3
23- X: 1413
24- Y: 0
25- Z: 63
26-AA: 90
27-AB: 200
28-AC: 5
29-AD: 297
30-AE: 2256
31-AF: -1
32-AG: -1
33-AH: -1
34-AI: -1
35-AJ: -1
36-AK: -1
37-AL: -1
38-AM: -1
39-AN: -1
40-AO: -1
41-AP: -1
42-AQ: -1
43-AR: -1
44-AS: -1
45-AT: -1
46-AU: -1
47-AV: -1
48-AW: -1
49-AX: -1
50-AY: -1
51-AZ: 3
52-BA: 16388
53-BB: 8292
54-BC: 16391
55-BD: 4120
56-BE: 4120
57-BF: 16384
58-BG: 2078
59-BH: 16392
60-BI: 6174
61-BJ: 0
62-BK: 0
63-BL: 0
64-BM: 0
65-BN: 0
66-BO: 0
67-BP: 0

0- A: 3531
1- B: 3543
2- C: 3462
3- D: 18
4- E: 3500
5- F: 2710
6- G: 1528
7- H: 32767
8- I: 2844
9- J: -1
10- K: -1
11- L: -1
12- M: -1
13- N: -1
14- O: -1
15- P: -1
16- Q: -1
17- R: -1
18- S: -1
19- T: -1
20- U: -1
21- V: -1
22- W: 3
23- X: 1412
24- Y: 0
25- Z: 63
26-AA: 90
27-AB: 200
28-AC: 5
29-AD: 297
30-AE: 2256
31-AF: -1
32-AG: -1
33-AH: -1
34-AI: -1
35-AJ: -1
36-AK: -1
37-AL: -1
38-AM: -1
39-AN: -1
40-AO: -1
41-AP: -1
42-AQ: -1
43-AR: -1
44-AS: -1
45-AT: -1
46-AU: -1
47-AV: -1
48-AW: -1
49-AX: -1
50-AY: -1
51-AZ: 3
52-BA: 16388
53-BB: 8292
54-BC: 16391
55-BD: 4120
56-BE: 4120
57-BF: 16384
58-BG: 2078
59-BH: 16392
60-BI: 6174
61-BJ: 0
62-BK: 0
63-BL: 0
64-BM: 0
65-BN: 0
66-BO: 0
67-BP: 0

3531

3537

0- A: 2750
1- B: 2825
2- C: 3106
3- D: 33
4- E: 3500
5- F: 3033
6- G: 2616
7- H: 32767
8- I: 2844
9- J: -1
10- K: -1
11- L: -1
12- M: -1
13- N: -1
14- O: -1
15- P: -1
16- Q: -1
17- R: -1
18- S: -1
19- T: -1
20- U: -1
21- V: -1
22- W: 4
23- X: 402
24- Y: 128
25- Z: 63
26-AA: 90
27-AB: 200
28-AC: 5
29-AD: 297
30-AE: 2256
31-AF: -1
32-AG: -1
33-AH: -1
34-AI: -1
35-AJ: -1
36-AK: -1
37-AL: -1
38-AM: -1
39-AN: -1
40-AO: -1
41-AP: -1
42-AQ: -1
43-AR: -1
44-AS: -1
45-AT: -1
46-AU: -1
47-AV: -1
48-AW: -1
49-AX: -1
50-AY: -1
51-AZ: 3
52-BA: 16388
53-BB: 8292
54-BC: 16391
55-BD: 4120
56-BE: 4120
57-BF: 16384
58-BG: 2078
59-BH: 16392
60-BI: 6174
61-BJ: 0
62-BK: 0
63-BL: 0
64-BM: 0
65-BN: 0
66-BO: 0
67-BP: 0

2750

0- A: 2750
1- B: 2806
2- C: 3100
3- D: 100
4- E: 3500
5- F: 2948
6- G: 2329
7- H: 32767
8- I: 2844
9- J: -1
10- K: -1
11- L: -1
12- M: -1
13- N: -1
14- O: -1
15- P: -1
16- Q: -1
17- R: -1
18- S: -1
19- T: -1
20- U: -1
21- V: -1
22- W: 4
23- X: 401
24- Y: 0
25- Z: 63
26-AA: 90
27-AB: 200
28-AC: 5
29-AD: 297
30-AE: 2256
31-AF: -1
32-AG: -1
33-AH: -1
34-AI: -1
35-AJ: -1
36-AK: -1
37-AL: -1
38-AM: -1
39-AN: -1
40-AO: -1
41-AP: -1
42-AQ: -1
43-AR: -1
44-AS: -1
45-AT: -1
46-AU: -1
47-AV: -1
48-AW: -1
49-AX: -1
50-AY: -1
51-AZ: 3
52-BA: 16388
53-BB: 8292
54-BC: 16391
55-BD: 4120
56-BE: 4120
57-BF: 16384
58-BG: 2078
59-BH: 16392
60-BI: 6174
61-BJ: 0
62-BK: 0
63-BL: 0
64-BM: 0
65-BN: 0
66-BO: 0
67-BP: 0

0- A: 3037
1- B: 3043
2- C: 3531
3- D: 100
4- E: 3500
5- F: 2407
6- G: 508
7- H: 32767
8- I: 2844
9- J: -1
10- K: -1
11- L: -1
12- M: -1
13- N: -1
14- O: -1
15- P: -1
16- Q: -1
17- R: -1
18- S: -1
19- T: -1
20- U: -1
21- V: -1
22- W: 4
23- X: 393
24- Y: 0
25- Z: 63
26-AA: 90
27-AB: 200
28-AC: 5
29-AD: 297
30-AE: 2256
31-AF: -1
32-AG: -1
33-AH: -1
34-AI: -1
35-AJ: -1
36-AK: -1
37-AL: -1
38-AM: -1
39-AN: -1
40-AO: -1
41-AP: -1
42-AQ: -1
43-AR: -1
44-AS: -1
45-AT: -1
46-AU: -1
47-AV: -1
48-AW: -1
49-AX: -1
50-AY: -1
51-AZ: 3
52-BA: 16388
53-BB: 8292
54-BC: 16391
55-BD: 4120
56-BE: 4120
57-BF: 16384
58-BG: 2078
59-BH: 16392
60-BI: 6174
61-BJ: 0
62-BK: 0
63-BL: 0
64-BM: 0
65-BN: 0
66-BO: 0
67-BP: 0

0- A: 3487
1- B: 3493
2- C: 3556
3- D: 100
4- E: 3500
5- F: 2572
6- G: 1063
7- H: 32767
8- I: 2844
9- J: -1
10- K: -1
11- L: -1
12- M: -1
13- N: -1
14- O: -1
15- P: -1
16- Q: -1
17- R: -1
18- S: -1
19- T: -1
20- U: -1
21- V: -1
22- W: 4
23- X: 380
24- Y: 0
25- Z: 63
26-AA: 90
27-AB: 200
28-AC: 5
29-AD: 297
30-AE: 2256
31-AF: -1
32-AG: -1
33-AH: -1
34-AI: -1
35-AJ: -1
36-AK: -1
37-AL: -1
38-AM: -1
39-AN: -1
40-AO: -1
41-AP: -1
42-AQ: -1
43-AR: -1
44-AS: -1
45-AT: -1
46-AU: -1
47-AV: -1
48-AW: -1
49-AX: -1
50-AY: -1
51-AZ: 3
52-BA: 16388
53-BB: 8292
54-BC: 16391
55-BD: 4120
56-BE: 4120
57-BF: 16384
58-BG: 2078
59-BH: 16392
60-BI: 6174
61-BJ: 0
62-BK: 0
63-BL: 0
64-BM: 0
65-BN: 0
66-BO: 0
67-BP: 0

0- A: 3543
1- B: 3550
2- C: 3431
3- D: 22
4- E: 3500
5- F: 2680
6- G: 1427
7- H: 32767
8- I: 2844
9- J: -1
10- K: -1
11- L: -1
12- M: -1
13- N: -1
14- O: -1
15- P: -1
16- Q: -1
17- R: -1
18- S: -1
19- T: -1
20- U: -1
21- V: -1
22- W: 4
23- X: 374
24- Y: 0
25- Z: 63
26-AA: 90
27-AB: 200
28-AC: 5
29-AD: 297
30-AE: 2256
31-AF: -1
32-AG: -1
33-AH: -1
34-AI: -1
35-AJ: -1
36-AK: -1
37-AL: -1
38-AM: -1
39-AN: -1
40-AO: -1
41-AP: -1
42-AQ: -1
43-AR: -1
44-AS: -1
45-AT: -1
46-AU: -1
47-AV: -1
48-AW: -1
49-AX: -1
50-AY: -1
51-AZ: 3
52-BA: 16388
53-BB: 8292
54-BC: 16391
55-BD: 4120
56-BE: 4120
57-BF: 16384
58-BG: 2078
59-BH: 16392
60-BI: 6174
61-BJ: 0
62-BK: 0
63-BL: 0
64-BM: 0
65-BN: 0
66-BO: 0
67-BP: 0

0- A: 3531
1- B: 3543
2- C: 3500
3- D: 28
4- E: 3500
5- F: 2679
6- G: 1424
7- H: 32767
8- I: 2844
9- J: -1
10- K: -1
11- L: -1
12- M: -1
13- N: -1
14- O: -1
15- P: -1
16- Q: -1
17- R: -1
18- S: -1
19- T: -1
20- U: -1
21- V: -1
22- W: 4
23- X: 364
24- Y: 0
25- Z: 63
26-AA: 90
27-AB: 200
28-AC: 5
29-AD: 297
30-AE: 2256
31-AF: -1
32-AG: -1
33-AH: -1
34-AI: -1
35-AJ: -1
36-AK: -1
37-AL: -1
38-AM: -1
39-AN: -1
40-AO: -1
41-AP: -1
42-AQ: -1
43-AR: -1
44-AS: -1
45-AT: -1
46-AU: -1
47-AV: -1
48-AW: -1
49-AX: -1
50-AY: -1
51-AZ: 3
52-BA: 16388
53-BB: 8292
54-BC: 16391
55-BD: 4120
56-BE: 4120
57-BF: 16384
58-BG: 2078
59-BH: 16392
60-BI: 6174
61-BJ: 0
62-BK: 0
63-BL: 0
64-BM: 0
65-BN: 0
66-BO: 0
67-BP: 0

0- A: 3525
1- B: 3537
2- C: 3431
3- D: 30
4- E: 3500
5- F: 2798
6- G: 1824
7- H: 32767
8- I: 2844
9- J: -1
10- K: -1
11- L: -1
12- M: -1
13- N: -1
14- O: -1
15- P: -1
16- Q: -1
17- R: -1
18- S: -1
19- T: -1
20- U: -1
21- V: -1
22- W: 4
23- X: 349
24- Y: 0
25- Z: 63
26-AA: 90
27-AB: 200
28-AC: 5
29-AD: 297
30-AE: 2256
31-AF: -1
32-AG: -1
33-AH: -1
34-AI: -1
35-AJ: -1
36-AK: -1
37-AL: -1
38-AM: -1
39-AN: -1
40-AO: -1
41-AP: -1
42-AQ: -1
43-AR: -1
44-AS: -1
45-AT: -1
46-AU: -1
47-AV: -1
48-AW: -1
49-AX: -1
50-AY: -1
51-AZ: 3
52-BA: 16388
53-BB: 8292
54-BC: 16391
55-BD: 4120
56-BE: 4120
57-BF: 16384
58-BG: 2078
59-BH: 16392
60-BI: 6174
61-BJ: 0
62-BK: 0
63-BL: 0
64-BM: 0
65-BN: 0
66-BO: 0
67-BP: 0

0- A: 3525
1- B: 3531
2- C: 3500
3- D: 34
4- E: 3500
5- F: 2733
6- G: 1606
7- H: 32767
8- I: 2844
9- J: -1
10- K: -1
11- L: -1
12- M: -1
13- N: -1
14- O: -1
15- P: -1
16- Q: -1
17- R: -1
18- S: -1
19- T: -1
20- U: -1
21- V: -1
22- W: 4
23- X: 336
24- Y: 0
25- Z: 63
26-AA: 90
27-AB: 200
28-AC: 5
29-AD: 297
30-AE: 2256
31-AF: -1
32-AG: -1
33-AH: -1
34-AI: -1
35-AJ: -1
36-AK: -1
37-AL: -1
38-AM: -1
39-AN: -1
40-AO: -1
41-AP: -1
42-AQ: -1
43-AR: -1
44-AS: -1
45-AT: -1
46-AU: -1
47-AV: -1
48-AW: -1
49-AX: -1
50-AY: -1
51-AZ: 3
52-BA: 16388
53-BB: 8292
54-BC: 16391
55-BD: 4120
56-BE: 4120
57-BF: 16384
58-BG: 2078
59-BH: 16392
60-BI: 6174
61-BJ: 0
62-BK: 0
63-BL: 0
64-BM: 0
65-BN: 0
66-BO: 0
67-BP: 0

